Command line invocation:
    /Applications/Xcode.app/Contents/Developer/usr/bin/xcodebuild test -scheme YapYap -destination platform=macOS

Resolve Package Graph


Resolved source packages:
  whisperkit: https://github.com/argmaxinc/WhisperKit.git @ 0.15.0
  swift-transformers: https://github.com/huggingface/swift-transformers @ 1.1.6
  AXSwift: https://github.com/tisfeng/AXSwift.git @ 0.3.7
  swift-collections: https://github.com/apple/swift-collections.git @ 1.3.0
  mlx-swift-lm: https://github.com/ml-explore/mlx-swift-lm.git @ 2.30.3
  Jinja: https://github.com/huggingface/swift-jinja.git @ 2.3.1
  LaunchAtLogin: https://github.com/sindresorhus/LaunchAtLogin-Modern.git @ 1.1.0
  KeyboardShortcuts: https://github.com/sindresorhus/KeyboardShortcuts.git @ 2.4.0
  mlx-swift: https://github.com/ml-explore/mlx-swift.git @ 0.30.6
  swift-numerics: https://github.com/apple/swift-numerics @ 1.1.1
  SelectedTextKit: https://github.com/tisfeng/SelectedTextKit.git @ 2.6.4
  Sparkle: https://github.com/sparkle-project/Sparkle.git @ 2.8.1
  KeySender: https://github.com/jordanbaird/KeySender @ 0.0.5
  swift-argument-parser: https://github.com/apple/swift-argument-parser.git @ 1.7.0
  FluidAudio: https://github.com/FluidInference/FluidAudio.git @ 0.10.1

--- xcodebuild: WARNING: Using the first of multiple matching destinations:
{ platform:macOS, arch:arm64, id:00008103-000838690AF1001E, name:My Mac }
{ platform:macOS, arch:x86_64, id:00008103-000838690AF1001E, name:My Mac }
ComputePackagePrebuildTargetDependencyGraph

Prepare packages

CreateBuildRequest

SendProjectDescription

CreateBuildOperation

ComputeTargetDependencyGraph
note: Building targets in dependency order
note: Target dependency graph (50 targets)
    Target 'YapYapTests' in project 'YapYap'
        ➜ Explicit dependency on target 'YapYap' in project 'YapYap'
    Target 'YapYap' in project 'YapYap'
        ➜ Explicit dependency on target 'WhisperKit' in project 'whisperkit'
        ➜ Explicit dependency on target 'FluidAudio' in project 'FluidAudio'
        ➜ Explicit dependency on target 'MLX' in project 'mlx-swift'
        ➜ Explicit dependency on target 'MLXLLM' in project 'mlx-swift-lm'
        ➜ Explicit dependency on target 'MLXLMCommon' in project 'mlx-swift-lm'
        ➜ Explicit dependency on target 'KeyboardShortcuts' in project 'KeyboardShortcuts'
        ➜ Explicit dependency on target 'LaunchAtLogin' in project 'LaunchAtLogin'
        ➜ Explicit dependency on target 'Sparkle' in project 'Sparkle'
        ➜ Explicit dependency on target 'SelectedTextKit' in project 'SelectedTextKit'
    Target 'SelectedTextKit' in project 'SelectedTextKit'
        ➜ Explicit dependency on target 'SelectedTextKit' in project 'SelectedTextKit'
        ➜ Explicit dependency on target 'AXSwift' in project 'AXSwift'
        ➜ Explicit dependency on target 'KeySender' in project 'KeySender'
    Target 'SelectedTextKit' in project 'SelectedTextKit'
        ➜ Explicit dependency on target 'AXSwift' in project 'AXSwift'
        ➜ Explicit dependency on target 'KeySender' in project 'KeySender'
    Target 'KeySender' in project 'KeySender'
        ➜ Explicit dependency on target 'KeySender' in project 'KeySender'
    Target 'KeySender' in project 'KeySender' (no dependencies)
    Target 'AXSwift' in project 'AXSwift'
        ➜ Explicit dependency on target 'AXSwift' in project 'AXSwift'
    Target 'AXSwift' in project 'AXSwift' (no dependencies)
    Target 'Sparkle' in project 'Sparkle' (no dependencies)
    Target 'LaunchAtLogin' in project 'LaunchAtLogin'
        ➜ Explicit dependency on target 'LaunchAtLogin' in project 'LaunchAtLogin'
    Target 'LaunchAtLogin' in project 'LaunchAtLogin' (no dependencies)
    Target 'KeyboardShortcuts' in project 'KeyboardShortcuts'
        ➜ Explicit dependency on target 'KeyboardShortcuts' in project 'KeyboardShortcuts'
        ➜ Explicit dependency on target 'KeyboardShortcuts_KeyboardShortcuts' in project 'KeyboardShortcuts'
    Target 'KeyboardShortcuts' in project 'KeyboardShortcuts'
        ➜ Explicit dependency on target 'KeyboardShortcuts_KeyboardShortcuts' in project 'KeyboardShortcuts'
    Target 'KeyboardShortcuts_KeyboardShortcuts' in project 'KeyboardShortcuts' (no dependencies)
    Target 'MLXLMCommon' in project 'mlx-swift-lm'
        ➜ Explicit dependency on target 'MLXLMCommon' in project 'mlx-swift-lm'
        ➜ Explicit dependency on target 'MLX' in project 'mlx-swift'
        ➜ Explicit dependency on target 'MLXNN' in project 'mlx-swift'
        ➜ Explicit dependency on target 'MLXOptimizers' in project 'mlx-swift'
        ➜ Explicit dependency on target 'Transformers' in project 'swift-transformers'
    Target 'MLXLLM' in project 'mlx-swift-lm'
        ➜ Explicit dependency on target 'MLXLLM' in project 'mlx-swift-lm'
        ➜ Explicit dependency on target 'MLXLMCommon' in project 'mlx-swift-lm'
        ➜ Explicit dependency on target 'MLX' in project 'mlx-swift'
        ➜ Explicit dependency on target 'MLXNN' in project 'mlx-swift'
        ➜ Explicit dependency on target 'MLXOptimizers' in project 'mlx-swift'
        ➜ Explicit dependency on target 'Transformers' in project 'swift-transformers'
    Target 'MLXLLM' in project 'mlx-swift-lm'
        ➜ Explicit dependency on target 'MLXLMCommon' in project 'mlx-swift-lm'
        ➜ Explicit dependency on target 'MLX' in project 'mlx-swift'
        ➜ Explicit dependency on target 'MLXNN' in project 'mlx-swift'
        ➜ Explicit dependency on target 'MLXOptimizers' in project 'mlx-swift'
        ➜ Explicit dependency on target 'Transformers' in project 'swift-transformers'
    Target 'MLXLMCommon' in project 'mlx-swift-lm'
        ➜ Explicit dependency on target 'MLX' in project 'mlx-swift'
        ➜ Explicit dependency on target 'MLXNN' in project 'mlx-swift'
        ➜ Explicit dependency on target 'MLXOptimizers' in project 'mlx-swift'
        ➜ Explicit dependency on target 'Transformers' in project 'swift-transformers'
    Target 'Transformers' in project 'swift-transformers'
        ➜ Explicit dependency on target 'Tokenizers' in project 'swift-transformers'
        ➜ Explicit dependency on target 'Generation' in project 'swift-transformers'
        ➜ Explicit dependency on target 'Models' in project 'swift-transformers'
        ➜ Explicit dependency on target 'Hub' in project 'swift-transformers'
        ➜ Explicit dependency on target 'Jinja' in project 'Jinja'
        ➜ Explicit dependency on target 'OrderedCollections' in project 'swift-collections'
    Target 'Models' in project 'swift-transformers'
        ➜ Explicit dependency on target 'Hub' in project 'swift-transformers'
        ➜ Explicit dependency on target 'Tokenizers' in project 'swift-transformers'
        ➜ Explicit dependency on target 'Generation' in project 'swift-transformers'
        ➜ Explicit dependency on target 'Jinja' in project 'Jinja'
        ➜ Explicit dependency on target 'OrderedCollections' in project 'swift-collections'
    Target 'Generation' in project 'swift-transformers'
        ➜ Explicit dependency on target 'Hub' in project 'swift-transformers'
        ➜ Explicit dependency on target 'Tokenizers' in project 'swift-transformers'
        ➜ Explicit dependency on target 'Jinja' in project 'Jinja'
        ➜ Explicit dependency on target 'OrderedCollections' in project 'swift-collections'
    Target 'MLXOptimizers' in project 'mlx-swift'
        ➜ Explicit dependency on target 'MLXOptimizers' in project 'mlx-swift'
        ➜ Explicit dependency on target 'Cmlx' in project 'mlx-swift'
        ➜ Explicit dependency on target 'MLX' in project 'mlx-swift'
        ➜ Explicit dependency on target 'MLXNN' in project 'mlx-swift'
        ➜ Explicit dependency on target 'Numerics' in project 'swift-numerics'
    Target 'MLXOptimizers' in project 'mlx-swift'
        ➜ Explicit dependency on target 'Cmlx' in project 'mlx-swift'
        ➜ Explicit dependency on target 'MLX' in project 'mlx-swift'
        ➜ Explicit dependency on target 'MLXNN' in project 'mlx-swift'
        ➜ Explicit dependency on target 'Numerics' in project 'swift-numerics'
    Target 'MLXNN' in project 'mlx-swift'
        ➜ Explicit dependency on target 'MLXNN' in project 'mlx-swift'
        ➜ Explicit dependency on target 'Cmlx' in project 'mlx-swift'
        ➜ Explicit dependency on target 'MLX' in project 'mlx-swift'
        ➜ Explicit dependency on target 'Numerics' in project 'swift-numerics'
    Target 'MLXNN' in project 'mlx-swift'
        ➜ Explicit dependency on target 'Cmlx' in project 'mlx-swift'
        ➜ Explicit dependency on target 'MLX' in project 'mlx-swift'
        ➜ Explicit dependency on target 'Numerics' in project 'swift-numerics'
    Target 'MLX' in project 'mlx-swift'
        ➜ Explicit dependency on target 'MLX' in project 'mlx-swift'
        ➜ Explicit dependency on target 'Cmlx' in project 'mlx-swift'
        ➜ Explicit dependency on target 'Numerics' in project 'swift-numerics'
    Target 'MLX' in project 'mlx-swift'
        ➜ Explicit dependency on target 'Cmlx' in project 'mlx-swift'
        ➜ Explicit dependency on target 'Numerics' in project 'swift-numerics'
    Target 'Numerics' in project 'swift-numerics'
        ➜ Explicit dependency on target 'Numerics' in project 'swift-numerics'
        ➜ Explicit dependency on target '_NumericsShims' in project 'swift-numerics'
        ➜ Explicit dependency on target 'RealModule' in project 'swift-numerics'
        ➜ Explicit dependency on target 'ComplexModule' in project 'swift-numerics'
    Target 'Numerics' in project 'swift-numerics'
        ➜ Explicit dependency on target '_NumericsShims' in project 'swift-numerics'
        ➜ Explicit dependency on target 'RealModule' in project 'swift-numerics'
        ➜ Explicit dependency on target 'ComplexModule' in project 'swift-numerics'
    Target 'ComplexModule' in project 'swift-numerics'
        ➜ Explicit dependency on target '_NumericsShims' in project 'swift-numerics'
        ➜ Explicit dependency on target 'RealModule' in project 'swift-numerics'
    Target 'RealModule' in project 'swift-numerics'
        ➜ Explicit dependency on target '_NumericsShims' in project 'swift-numerics'
    Target '_NumericsShims' in project 'swift-numerics' (no dependencies)
    Target 'Cmlx' in project 'mlx-swift'
        ➜ Explicit dependency on target 'mlx-swift_Cmlx' in project 'mlx-swift'
    Target 'mlx-swift_Cmlx' in project 'mlx-swift' (no dependencies)
    Target 'FluidAudio' in project 'FluidAudio'
        ➜ Explicit dependency on target 'FluidAudio' in project 'FluidAudio'
        ➜ Explicit dependency on target 'FastClusterWrapper' in project 'FluidAudio'
        ➜ Explicit dependency on target 'MachTaskSelfWrapper' in project 'FluidAudio'
    Target 'FluidAudio' in project 'FluidAudio'
        ➜ Explicit dependency on target 'FastClusterWrapper' in project 'FluidAudio'
        ➜ Explicit dependency on target 'MachTaskSelfWrapper' in project 'FluidAudio'
    Target 'MachTaskSelfWrapper' in project 'FluidAudio' (no dependencies)
    Target 'FastClusterWrapper' in project 'FluidAudio' (no dependencies)
    Target 'WhisperKit' in project 'whisperkit'
        ➜ Explicit dependency on target 'WhisperKit' in project 'whisperkit'
        ➜ Explicit dependency on target 'Hub' in project 'swift-transformers'
        ➜ Explicit dependency on target 'Tokenizers' in project 'swift-transformers'
    Target 'WhisperKit' in project 'whisperkit'
        ➜ Explicit dependency on target 'Hub' in project 'swift-transformers'
        ➜ Explicit dependency on target 'Tokenizers' in project 'swift-transformers'
    Target 'Tokenizers' in project 'swift-transformers'
        ➜ Explicit dependency on target 'Tokenizers' in project 'swift-transformers'
        ➜ Explicit dependency on target 'Hub' in project 'swift-transformers'
        ➜ Explicit dependency on target 'Jinja' in project 'Jinja'
        ➜ Explicit dependency on target 'OrderedCollections' in project 'swift-collections'
    Target 'Tokenizers' in project 'swift-transformers'
        ➜ Explicit dependency on target 'Hub' in project 'swift-transformers'
        ➜ Explicit dependency on target 'Jinja' in project 'Jinja'
        ➜ Explicit dependency on target 'OrderedCollections' in project 'swift-collections'
    Target 'Hub' in project 'swift-transformers'
        ➜ Explicit dependency on target 'Hub' in project 'swift-transformers'
        ➜ Explicit dependency on target 'swift-transformers_Hub' in project 'swift-transformers'
        ➜ Explicit dependency on target 'Jinja' in project 'Jinja'
        ➜ Explicit dependency on target 'OrderedCollections' in project 'swift-collections'
    Target 'Hub' in project 'swift-transformers'
        ➜ Explicit dependency on target 'swift-transformers_Hub' in project 'swift-transformers'
        ➜ Explicit dependency on target 'Jinja' in project 'Jinja'
        ➜ Explicit dependency on target 'OrderedCollections' in project 'swift-collections'
    Target 'Jinja' in project 'Jinja'
        ➜ Explicit dependency on target 'Jinja' in project 'Jinja'
        ➜ Explicit dependency on target 'OrderedCollections' in project 'swift-collections'
    Target 'Jinja' in project 'Jinja'
        ➜ Explicit dependency on target 'OrderedCollections' in project 'swift-collections'
    Target 'OrderedCollections' in project 'swift-collections'
        ➜ Explicit dependency on target 'OrderedCollections' in project 'swift-collections'
        ➜ Explicit dependency on target 'InternalCollectionsUtilities' in project 'swift-collections'
    Target 'OrderedCollections' in project 'swift-collections'
        ➜ Explicit dependency on target 'InternalCollectionsUtilities' in project 'swift-collections'
    Target 'InternalCollectionsUtilities' in project 'swift-collections' (no dependencies)
    Target 'swift-transformers_Hub' in project 'swift-transformers' (no dependencies)

GatherProvisioningInputs

CreateBuildDescription

ExecuteExternalTool /Applications/Xcode.app/Contents/Developer/Toolchains/XcodeDefault.xctoolchain/usr/bin/swiftc --version

ExecuteExternalTool /Applications/Xcode.app/Contents/Developer/Toolchains/XcodeDefault.xctoolchain/usr/bin/clang -v -E -dM -arch arm64 -isysroot /Applications/Xcode.app/Contents/Developer/Platforms/MacOSX.platform/Developer/SDKs/MacOSX26.2.sdk -x c++ -c /dev/null

ExecuteExternalTool /Applications/Xcode.app/Contents/Developer/Toolchains/XcodeDefault.xctoolchain/usr/bin/clang -v -E -dM -arch arm64 -isysroot /Applications/Xcode.app/Contents/Developer/Platforms/MacOSX.platform/Developer/SDKs/MacOSX26.2.sdk -x c -c /dev/null

ExecuteExternalTool /Applications/Xcode.app/Contents/Developer/Toolchains/XcodeDefault.xctoolchain/usr/bin/clang -v -E -dM -arch arm64 -isysroot /Applications/Xcode.app/Contents/Developer/Platforms/MacOSX.platform/Developer/SDKs/MacOSX26.2.sdk -x objective-c -c /dev/null

ExecuteExternalTool /Applications/Xcode.app/Contents/Developer/Toolchains/XcodeDefault.xctoolchain/usr/bin/clang -v -E -dM -isysroot /Applications/Xcode.app/Contents/Developer/Platforms/MacOSX.platform/Developer/SDKs/MacOSX26.2.sdk -x c -c /dev/null

ExecuteExternalTool /Applications/Xcode.app/Contents/Developer/usr/bin/actool --version --output-format xml1

ExecuteExternalTool /Applications/Xcode.app/Contents/Developer/Toolchains/XcodeDefault.xctoolchain/usr/bin/ld -version_details

ReadFileContents /Applications/Xcode.app/Contents/Developer/Toolchains/XcodeDefault.xctoolchain/usr/share/docc/features.json

Build description signature: fadd83b252c682b7c6dcd30500d8494a
Build description path: /Users/sandeep/Library/Developer/Xcode/DerivedData/YapYap-fgocbvsmqtadmncqpdsycxzkwxrc/Build/Intermediates.noindex/XCBuildData/fadd83b252c682b7c6dcd30500d8494a.xcbuilddata
ClangStatCache /Applications/Xcode.app/Contents/Developer/Toolchains/XcodeDefault.xctoolchain/usr/bin/clang-stat-cache /Applications/Xcode.app/Contents/Developer/Platforms/MacOSX.platform/Developer/SDKs/MacOSX26.2.sdk /Users/sandeep/Library/Developer/Xcode/DerivedData/SDKStatCaches.noindex/macosx26.2-25C57-3885c01c3e6b6a337905948deab2002e00fa09913b459cbbc988d1f6730289ae.sdkstatcache
    cd /Users/sandeep/Projects/yapyap/YapYap/YapYap.xcodeproj
    /Applications/Xcode.app/Contents/Developer/Toolchains/XcodeDefault.xctoolchain/usr/bin/clang-stat-cache /Applications/Xcode.app/Contents/Developer/Platforms/MacOSX.platform/Developer/SDKs/MacOSX26.2.sdk -o /Users/sandeep/Library/Developer/Xcode/DerivedData/SDKStatCaches.noindex/macosx26.2-25C57-3885c01c3e6b6a337905948deab2002e00fa09913b459cbbc988d1f6730289ae.sdkstatcache

ProcessInfoPlistFile /Users/sandeep/Library/Developer/Xcode/DerivedData/YapYap-fgocbvsmqtadmncqpdsycxzkwxrc/Build/Products/Debug/swift-transformers_Hub.bundle/Contents/Info.plist /Users/sandeep/Library/Developer/Xcode/DerivedData/YapYap-fgocbvsmqtadmncqpdsycxzkwxrc/Build/Intermediates.noindex/swift-transformers.build/Debug/swift-transformers_Hub.build/empty-swift-transformers_Hub.plist (in target 'swift-transformers_Hub' from project 'swift-transformers')
    cd /Users/sandeep/Library/Developer/Xcode/DerivedData/YapYap-fgocbvsmqtadmncqpdsycxzkwxrc/SourcePackages/checkouts/swift-transformers
    builtin-infoPlistUtility /Users/sandeep/Library/Developer/Xcode/DerivedData/YapYap-fgocbvsmqtadmncqpdsycxzkwxrc/Build/Intermediates.noindex/swift-transformers.build/Debug/swift-transformers_Hub.build/empty-swift-transformers_Hub.plist -producttype com.apple.product-type.bundle -expandbuildsettings -platform macosx -o /Users/sandeep/Library/Developer/Xcode/DerivedData/YapYap-fgocbvsmqtadmncqpdsycxzkwxrc/Build/Products/Debug/swift-transformers_Hub.bundle/Contents/Info.plist

ProcessInfoPlistFile /Users/sandeep/Library/Developer/Xcode/DerivedData/YapYap-fgocbvsmqtadmncqpdsycxzkwxrc/Build/Products/Debug/mlx-swift_Cmlx.bundle/Contents/Info.plist /Users/sandeep/Library/Developer/Xcode/DerivedData/YapYap-fgocbvsmqtadmncqpdsycxzkwxrc/Build/Intermediates.noindex/mlx-swift.build/Debug/mlx-swift_Cmlx.build/empty-mlx-swift_Cmlx.plist (in target 'mlx-swift_Cmlx' from project 'mlx-swift')
    cd /Users/sandeep/Library/Developer/Xcode/DerivedData/YapYap-fgocbvsmqtadmncqpdsycxzkwxrc/SourcePackages/checkouts/mlx-swift
    builtin-infoPlistUtility /Users/sandeep/Library/Developer/Xcode/DerivedData/YapYap-fgocbvsmqtadmncqpdsycxzkwxrc/Build/Intermediates.noindex/mlx-swift.build/Debug/mlx-swift_Cmlx.build/empty-mlx-swift_Cmlx.plist -producttype com.apple.product-type.bundle -expandbuildsettings -platform macosx -o /Users/sandeep/Library/Developer/Xcode/DerivedData/YapYap-fgocbvsmqtadmncqpdsycxzkwxrc/Build/Products/Debug/mlx-swift_Cmlx.bundle/Contents/Info.plist

ProcessInfoPlistFile /Users/sandeep/Library/Developer/Xcode/DerivedData/YapYap-fgocbvsmqtadmncqpdsycxzkwxrc/Build/Products/Debug/KeyboardShortcuts_KeyboardShortcuts.bundle/Contents/Info.plist /Users/sandeep/Library/Developer/Xcode/DerivedData/YapYap-fgocbvsmqtadmncqpdsycxzkwxrc/Build/Intermediates.noindex/KeyboardShortcuts.build/Debug/KeyboardShortcuts_KeyboardShortcuts.build/empty-KeyboardShortcuts_KeyboardShortcuts.plist (in target 'KeyboardShortcuts_KeyboardShortcuts' from project 'KeyboardShortcuts')
    cd /Users/sandeep/Library/Developer/Xcode/DerivedData/YapYap-fgocbvsmqtadmncqpdsycxzkwxrc/SourcePackages/checkouts/KeyboardShortcuts
    builtin-infoPlistUtility /Users/sandeep/Library/Developer/Xcode/DerivedData/YapYap-fgocbvsmqtadmncqpdsycxzkwxrc/Build/Intermediates.noindex/KeyboardShortcuts.build/Debug/KeyboardShortcuts_KeyboardShortcuts.build/empty-KeyboardShortcuts_KeyboardShortcuts.plist -producttype com.apple.product-type.bundle -expandbuildsettings -platform macosx -o /Users/sandeep/Library/Developer/Xcode/DerivedData/YapYap-fgocbvsmqtadmncqpdsycxzkwxrc/Build/Products/Debug/KeyboardShortcuts_KeyboardShortcuts.bundle/Contents/Info.plist

WriteAuxiliaryFile /Users/sandeep/Library/Developer/Xcode/DerivedData/YapYap-fgocbvsmqtadmncqpdsycxzkwxrc/Build/Intermediates.noindex/YapYap.build/Debug/YapYapTests.build/YapYapTests.hmap (in target 'YapYapTests' from project 'YapYap')
    cd /Users/sandeep/Projects/yapyap/YapYap
    write-file /Users/sandeep/Library/Developer/Xcode/DerivedData/YapYap-fgocbvsmqtadmncqpdsycxzkwxrc/Build/Intermediates.noindex/YapYap.build/Debug/YapYapTests.build/YapYapTests.hmap

WriteAuxiliaryFile /Users/sandeep/Library/Developer/Xcode/DerivedData/YapYap-fgocbvsmqtadmncqpdsycxzkwxrc/Build/Intermediates.noindex/YapYap.build/Debug/YapYapTests.build/empty-YapYapTests.plist (in target 'YapYapTests' from project 'YapYap')
    cd /Users/sandeep/Projects/yapyap/YapYap
    write-file /Users/sandeep/Library/Developer/Xcode/DerivedData/YapYap-fgocbvsmqtadmncqpdsycxzkwxrc/Build/Intermediates.noindex/YapYap.build/Debug/YapYapTests.build/empty-YapYapTests.plist

WriteAuxiliaryFile /Users/sandeep/Library/Developer/Xcode/DerivedData/YapYap-fgocbvsmqtadmncqpdsycxzkwxrc/Build/Intermediates.noindex/YapYap.build/Debug/YapYapTests.build/YapYapTests-project-headers.hmap (in target 'YapYapTests' from project 'YapYap')
    cd /Users/sandeep/Projects/yapyap/YapYap
    write-file /Users/sandeep/Library/Developer/Xcode/DerivedData/YapYap-fgocbvsmqtadmncqpdsycxzkwxrc/Build/Intermediates.noindex/YapYap.build/Debug/YapYapTests.build/YapYapTests-project-headers.hmap

WriteAuxiliaryFile /Users/sandeep/Library/Developer/Xcode/DerivedData/YapYap-fgocbvsmqtadmncqpdsycxzkwxrc/Build/Intermediates.noindex/YapYap.build/Debug/YapYapTests.build/YapYapTests.DependencyStaticMetadataFileList (in target 'YapYapTests' from project 'YapYap')
    cd /Users/sandeep/Projects/yapyap/YapYap
    write-file /Users/sandeep/Library/Developer/Xcode/DerivedData/YapYap-fgocbvsmqtadmncqpdsycxzkwxrc/Build/Intermediates.noindex/YapYap.build/Debug/YapYapTests.build/YapYapTests.DependencyStaticMetadataFileList

WriteAuxiliaryFile /Users/sandeep/Library/Developer/Xcode/DerivedData/YapYap-fgocbvsmqtadmncqpdsycxzkwxrc/Build/Intermediates.noindex/YapYap.build/Debug/YapYapTests.build/YapYapTests.DependencyMetadataFileList (in target 'YapYapTests' from project 'YapYap')
    cd /Users/sandeep/Projects/yapyap/YapYap
    write-file /Users/sandeep/Library/Developer/Xcode/DerivedData/YapYap-fgocbvsmqtadmncqpdsycxzkwxrc/Build/Intermediates.noindex/YapYap.build/Debug/YapYapTests.build/YapYapTests.DependencyMetadataFileList

WriteAuxiliaryFile /Users/sandeep/Library/Developer/Xcode/DerivedData/YapYap-fgocbvsmqtadmncqpdsycxzkwxrc/Build/Intermediates.noindex/YapYap.build/Debug/YapYapTests.build/YapYapTests-own-target-headers.hmap (in target 'YapYapTests' from project 'YapYap')
    cd /Users/sandeep/Projects/yapyap/YapYap
    write-file /Users/sandeep/Library/Developer/Xcode/DerivedData/YapYap-fgocbvsmqtadmncqpdsycxzkwxrc/Build/Intermediates.noindex/YapYap.build/Debug/YapYapTests.build/YapYapTests-own-target-headers.hmap

WriteAuxiliaryFile /Users/sandeep/Library/Developer/Xcode/DerivedData/YapYap-fgocbvsmqtadmncqpdsycxzkwxrc/Build/Intermediates.noindex/YapYap.build/Debug/YapYapTests.build/YapYapTests-generated-files.hmap (in target 'YapYapTests' from project 'YapYap')
    cd /Users/sandeep/Projects/yapyap/YapYap
    write-file /Users/sandeep/Library/Developer/Xcode/DerivedData/YapYap-fgocbvsmqtadmncqpdsycxzkwxrc/Build/Intermediates.noindex/YapYap.build/Debug/YapYapTests.build/YapYapTests-generated-files.hmap

WriteAuxiliaryFile /Users/sandeep/Library/Developer/Xcode/DerivedData/YapYap-fgocbvsmqtadmncqpdsycxzkwxrc/Build/Intermediates.noindex/YapYap.build/Debug/YapYapTests.build/YapYapTests-all-target-headers.hmap (in target 'YapYapTests' from project 'YapYap')
    cd /Users/sandeep/Projects/yapyap/YapYap
    write-file /Users/sandeep/Library/Developer/Xcode/DerivedData/YapYap-fgocbvsmqtadmncqpdsycxzkwxrc/Build/Intermediates.noindex/YapYap.build/Debug/YapYapTests.build/YapYapTests-all-target-headers.hmap

WriteAuxiliaryFile /Users/sandeep/Library/Developer/Xcode/DerivedData/YapYap-fgocbvsmqtadmncqpdsycxzkwxrc/Build/Intermediates.noindex/YapYap.build/Debug/YapYapTests.build/YapYapTests-all-non-framework-target-headers.hmap (in target 'YapYapTests' from project 'YapYap')
    cd /Users/sandeep/Projects/yapyap/YapYap
    write-file /Users/sandeep/Library/Developer/Xcode/DerivedData/YapYap-fgocbvsmqtadmncqpdsycxzkwxrc/Build/Intermediates.noindex/YapYap.build/Debug/YapYapTests.build/YapYapTests-all-non-framework-target-headers.hmap

WriteAuxiliaryFile /Users/sandeep/Library/Developer/Xcode/DerivedData/YapYap-fgocbvsmqtadmncqpdsycxzkwxrc/Build/Intermediates.noindex/YapYap.build/Debug/YapYapTests.build/Objects-normal/arm64/YapYapTests_const_extract_protocols.json (in target 'YapYapTests' from project 'YapYap')
    cd /Users/sandeep/Projects/yapyap/YapYap
    write-file /Users/sandeep/Library/Developer/Xcode/DerivedData/YapYap-fgocbvsmqtadmncqpdsycxzkwxrc/Build/Intermediates.noindex/YapYap.build/Debug/YapYapTests.build/Objects-normal/arm64/YapYapTests_const_extract_protocols.json

WriteAuxiliaryFile /Users/sandeep/Library/Developer/Xcode/DerivedData/YapYap-fgocbvsmqtadmncqpdsycxzkwxrc/Build/Intermediates.noindex/YapYap.build/Debug/YapYapTests.build/Objects-normal/arm64/YapYapTests.SwiftFileList (in target 'YapYapTests' from project 'YapYap')
    cd /Users/sandeep/Projects/yapyap/YapYap
    write-file /Users/sandeep/Library/Developer/Xcode/DerivedData/YapYap-fgocbvsmqtadmncqpdsycxzkwxrc/Build/Intermediates.noindex/YapYap.build/Debug/YapYapTests.build/Objects-normal/arm64/YapYapTests.SwiftFileList

WriteAuxiliaryFile /Users/sandeep/Library/Developer/Xcode/DerivedData/YapYap-fgocbvsmqtadmncqpdsycxzkwxrc/Build/Intermediates.noindex/YapYap.build/Debug/YapYapTests.build/Objects-normal/arm64/YapYapTests.SwiftConstValuesFileList (in target 'YapYapTests' from project 'YapYap')
    cd /Users/sandeep/Projects/yapyap/YapYap
    write-file /Users/sandeep/Library/Developer/Xcode/DerivedData/YapYap-fgocbvsmqtadmncqpdsycxzkwxrc/Build/Intermediates.noindex/YapYap.build/Debug/YapYapTests.build/Objects-normal/arm64/YapYapTests.SwiftConstValuesFileList

WriteAuxiliaryFile /Users/sandeep/Library/Developer/Xcode/DerivedData/YapYap-fgocbvsmqtadmncqpdsycxzkwxrc/Build/Intermediates.noindex/YapYap.build/Debug/YapYapTests.build/Objects-normal/arm64/YapYapTests.LinkFileList (in target 'YapYapTests' from project 'YapYap')
    cd /Users/sandeep/Projects/yapyap/YapYap
    write-file /Users/sandeep/Library/Developer/Xcode/DerivedData/YapYap-fgocbvsmqtadmncqpdsycxzkwxrc/Build/Intermediates.noindex/YapYap.build/Debug/YapYapTests.build/Objects-normal/arm64/YapYapTests.LinkFileList

WriteAuxiliaryFile /Users/sandeep/Library/Developer/Xcode/DerivedData/YapYap-fgocbvsmqtadmncqpdsycxzkwxrc/Build/Intermediates.noindex/YapYap.build/Debug/YapYapTests.build/Objects-normal/arm64/YapYapTests-OutputFileMap.json (in target 'YapYapTests' from project 'YapYap')
    cd /Users/sandeep/Projects/yapyap/YapYap
    write-file /Users/sandeep/Library/Developer/Xcode/DerivedData/YapYap-fgocbvsmqtadmncqpdsycxzkwxrc/Build/Intermediates.noindex/YapYap.build/Debug/YapYapTests.build/Objects-normal/arm64/YapYapTests-OutputFileMap.json

MkDir /Users/sandeep/Library/Developer/Xcode/DerivedData/YapYap-fgocbvsmqtadmncqpdsycxzkwxrc/Build/Products/Debug/YapYap.app/Contents/PlugIns/YapYapTests.xctest/Contents/Resources (in target 'YapYapTests' from project 'YapYap')
    cd /Users/sandeep/Projects/yapyap/YapYap
    /bin/mkdir -p /Users/sandeep/Library/Developer/Xcode/DerivedData/YapYap-fgocbvsmqtadmncqpdsycxzkwxrc/Build/Products/Debug/YapYap.app/Contents/PlugIns/YapYapTests.xctest/Contents/Resources

MkDir /Users/sandeep/Library/Developer/Xcode/DerivedData/YapYap-fgocbvsmqtadmncqpdsycxzkwxrc/Build/Products/Debug/YapYap.app/Contents/PlugIns/YapYapTests.xctest/Contents/MacOS (in target 'YapYapTests' from project 'YapYap')
    cd /Users/sandeep/Projects/yapyap/YapYap
    /bin/mkdir -p /Users/sandeep/Library/Developer/Xcode/DerivedData/YapYap-fgocbvsmqtadmncqpdsycxzkwxrc/Build/Products/Debug/YapYap.app/Contents/PlugIns/YapYapTests.xctest/Contents/MacOS

MkDir /Users/sandeep/Library/Developer/Xcode/DerivedData/YapYap-fgocbvsmqtadmncqpdsycxzkwxrc/Build/Products/Debug/YapYap.app/Contents/PlugIns/YapYapTests.xctest/Contents (in target 'YapYapTests' from project 'YapYap')
    cd /Users/sandeep/Projects/yapyap/YapYap
    /bin/mkdir -p /Users/sandeep/Library/Developer/Xcode/DerivedData/YapYap-fgocbvsmqtadmncqpdsycxzkwxrc/Build/Products/Debug/YapYap.app/Contents/PlugIns/YapYapTests.xctest/Contents

MkDir /Users/sandeep/Library/Developer/Xcode/DerivedData/YapYap-fgocbvsmqtadmncqpdsycxzkwxrc/Build/Products/Debug/YapYap.app/Contents/PlugIns/YapYapTests.xctest (in target 'YapYapTests' from project 'YapYap')
    cd /Users/sandeep/Projects/yapyap/YapYap
    /bin/mkdir -p /Users/sandeep/Library/Developer/Xcode/DerivedData/YapYap-fgocbvsmqtadmncqpdsycxzkwxrc/Build/Products/Debug/YapYap.app/Contents/PlugIns/YapYapTests.xctest

MkDir /Users/sandeep/Library/Developer/Xcode/DerivedData/YapYap-fgocbvsmqtadmncqpdsycxzkwxrc/Build/Products/Debug/YapYap.app/Contents/PlugIns (in target 'YapYap' from project 'YapYap')
    cd /Users/sandeep/Projects/yapyap/YapYap
    /bin/mkdir -p /Users/sandeep/Library/Developer/Xcode/DerivedData/YapYap-fgocbvsmqtadmncqpdsycxzkwxrc/Build/Products/Debug/YapYap.app/Contents/PlugIns

ProcessProductPackaging /Users/sandeep/Projects/yapyap/YapYap/YapYap/YapYap.entitlements /Users/sandeep/Library/Developer/Xcode/DerivedData/YapYap-fgocbvsmqtadmncqpdsycxzkwxrc/Build/Intermediates.noindex/YapYap.build/Debug/YapYap.build/YapYap.app.xcent (in target 'YapYap' from project 'YapYap')
    cd /Users/sandeep/Projects/yapyap/YapYap
    
    Entitlements:
    
    {
    "com.apple.security.get-task-allow" = 1;
}
    
    builtin-productPackagingUtility /Users/sandeep/Projects/yapyap/YapYap/YapYap/YapYap.entitlements -entitlements -format xml -o /Users/sandeep/Library/Developer/Xcode/DerivedData/YapYap-fgocbvsmqtadmncqpdsycxzkwxrc/Build/Intermediates.noindex/YapYap.build/Debug/YapYap.build/YapYap.app.xcent

ProcessProductPackagingDER /Users/sandeep/Library/Developer/Xcode/DerivedData/YapYap-fgocbvsmqtadmncqpdsycxzkwxrc/Build/Intermediates.noindex/YapYap.build/Debug/YapYap.build/YapYap.app.xcent /Users/sandeep/Library/Developer/Xcode/DerivedData/YapYap-fgocbvsmqtadmncqpdsycxzkwxrc/Build/Intermediates.noindex/YapYap.build/Debug/YapYap.build/YapYap.app.xcent.der (in target 'YapYap' from project 'YapYap')
    cd /Users/sandeep/Projects/yapyap/YapYap
    /usr/bin/derq query -f xml -i /Users/sandeep/Library/Developer/Xcode/DerivedData/YapYap-fgocbvsmqtadmncqpdsycxzkwxrc/Build/Intermediates.noindex/YapYap.build/Debug/YapYap.build/YapYap.app.xcent -o /Users/sandeep/Library/Developer/Xcode/DerivedData/YapYap-fgocbvsmqtadmncqpdsycxzkwxrc/Build/Intermediates.noindex/YapYap.build/Debug/YapYap.build/YapYap.app.xcent.der --raw

Copy /Users/sandeep/Library/Developer/Xcode/DerivedData/YapYap-fgocbvsmqtadmncqpdsycxzkwxrc/Build/Products/Debug/YapYap.app/Contents/Frameworks/libXCTestBundleInject.dylib /Applications/Xcode.app/Contents/Developer/Platforms/MacOSX.platform/Developer/usr/lib/libXCTestBundleInject.dylib (in target 'YapYap' from project 'YapYap')
    cd /Users/sandeep/Projects/yapyap/YapYap
    builtin-copy -exclude .DS_Store -exclude CVS -exclude .svn -exclude .git -exclude .hg -exclude Headers -exclude PrivateHeaders -exclude Modules -exclude \*.tbd -resolve-src-symlinks /Applications/Xcode.app/Contents/Developer/Platforms/MacOSX.platform/Developer/usr/lib/libXCTestBundleInject.dylib /Users/sandeep/Library/Developer/Xcode/DerivedData/YapYap-fgocbvsmqtadmncqpdsycxzkwxrc/Build/Products/Debug/YapYap.app/Contents/Frameworks

Copy /Users/sandeep/Library/Developer/Xcode/DerivedData/YapYap-fgocbvsmqtadmncqpdsycxzkwxrc/Build/Products/Debug/YapYap.app/Contents/Frameworks/XCUnit.framework /Applications/Xcode.app/Contents/Developer/Platforms/MacOSX.platform/Developer/Library/PrivateFrameworks/XCUnit.framework (in target 'YapYap' from project 'YapYap')
    cd /Users/sandeep/Projects/yapyap/YapYap
    builtin-copy -exclude .DS_Store -exclude CVS -exclude .svn -exclude .git -exclude .hg -exclude Headers -exclude PrivateHeaders -exclude Modules -exclude \*.tbd -resolve-src-symlinks /Applications/Xcode.app/Contents/Developer/Platforms/MacOSX.platform/Developer/Library/PrivateFrameworks/XCUnit.framework /Users/sandeep/Library/Developer/Xcode/DerivedData/YapYap-fgocbvsmqtadmncqpdsycxzkwxrc/Build/Products/Debug/YapYap.app/Contents/Frameworks

Copy /Users/sandeep/Library/Developer/Xcode/DerivedData/YapYap-fgocbvsmqtadmncqpdsycxzkwxrc/Build/Products/Debug/YapYap.app/Contents/Frameworks/XCUIAutomation.framework /Applications/Xcode.app/Contents/Developer/Platforms/MacOSX.platform/Developer/Library/Frameworks/XCUIAutomation.framework (in target 'YapYap' from project 'YapYap')
    cd /Users/sandeep/Projects/yapyap/YapYap
    builtin-copy -exclude .DS_Store -exclude CVS -exclude .svn -exclude .git -exclude .hg -exclude Headers -exclude PrivateHeaders -exclude Modules -exclude \*.tbd -resolve-src-symlinks /Applications/Xcode.app/Contents/Developer/Platforms/MacOSX.platform/Developer/Library/Frameworks/XCUIAutomation.framework /Users/sandeep/Library/Developer/Xcode/DerivedData/YapYap-fgocbvsmqtadmncqpdsycxzkwxrc/Build/Products/Debug/YapYap.app/Contents/Frameworks

Copy /Users/sandeep/Library/Developer/Xcode/DerivedData/YapYap-fgocbvsmqtadmncqpdsycxzkwxrc/Build/Products/Debug/YapYap.app/Contents/Frameworks/XCTestSupport.framework /Applications/Xcode.app/Contents/Developer/Platforms/MacOSX.platform/Developer/Library/PrivateFrameworks/XCTestSupport.framework (in target 'YapYap' from project 'YapYap')
    cd /Users/sandeep/Projects/yapyap/YapYap
    builtin-copy -exclude .DS_Store -exclude CVS -exclude .svn -exclude .git -exclude .hg -exclude Headers -exclude PrivateHeaders -exclude Modules -exclude \*.tbd -resolve-src-symlinks /Applications/Xcode.app/Contents/Developer/Platforms/MacOSX.platform/Developer/Library/PrivateFrameworks/XCTestSupport.framework /Users/sandeep/Library/Developer/Xcode/DerivedData/YapYap-fgocbvsmqtadmncqpdsycxzkwxrc/Build/Products/Debug/YapYap.app/Contents/Frameworks

Copy /Users/sandeep/Library/Developer/Xcode/DerivedData/YapYap-fgocbvsmqtadmncqpdsycxzkwxrc/Build/Products/Debug/YapYap.app/Contents/Frameworks/XCTestCore.framework /Applications/Xcode.app/Contents/Developer/Platforms/MacOSX.platform/Developer/Library/PrivateFrameworks/XCTestCore.framework (in target 'YapYap' from project 'YapYap')
    cd /Users/sandeep/Projects/yapyap/YapYap
    builtin-copy -exclude .DS_Store -exclude CVS -exclude .svn -exclude .git -exclude .hg -exclude Headers -exclude PrivateHeaders -exclude Modules -exclude \*.tbd -resolve-src-symlinks /Applications/Xcode.app/Contents/Developer/Platforms/MacOSX.platform/Developer/Library/PrivateFrameworks/XCTestCore.framework /Users/sandeep/Library/Developer/Xcode/DerivedData/YapYap-fgocbvsmqtadmncqpdsycxzkwxrc/Build/Products/Debug/YapYap.app/Contents/Frameworks

Copy /Users/sandeep/Library/Developer/Xcode/DerivedData/YapYap-fgocbvsmqtadmncqpdsycxzkwxrc/Build/Products/Debug/YapYap.app/Contents/Frameworks/libXCTestSwiftSupport.dylib /Applications/Xcode.app/Contents/Developer/Platforms/MacOSX.platform/Developer/usr/lib/libXCTestSwiftSupport.dylib (in target 'YapYap' from project 'YapYap')
    cd /Users/sandeep/Projects/yapyap/YapYap
    builtin-copy -exclude .DS_Store -exclude CVS -exclude .svn -exclude .git -exclude .hg -exclude Headers -exclude PrivateHeaders -exclude Modules -exclude \*.tbd -resolve-src-symlinks /Applications/Xcode.app/Contents/Developer/Platforms/MacOSX.platform/Developer/usr/lib/libXCTestSwiftSupport.dylib /Users/sandeep/Library/Developer/Xcode/DerivedData/YapYap-fgocbvsmqtadmncqpdsycxzkwxrc/Build/Products/Debug/YapYap.app/Contents/Frameworks

Copy /Users/sandeep/Library/Developer/Xcode/DerivedData/YapYap-fgocbvsmqtadmncqpdsycxzkwxrc/Build/Products/Debug/YapYap.app/Contents/Frameworks/XCTest.framework /Applications/Xcode.app/Contents/Developer/Platforms/MacOSX.platform/Developer/Library/Frameworks/XCTest.framework (in target 'YapYap' from project 'YapYap')
    cd /Users/sandeep/Projects/yapyap/YapYap
    builtin-copy -exclude .DS_Store -exclude CVS -exclude .svn -exclude .git -exclude .hg -exclude Headers -exclude PrivateHeaders -exclude Modules -exclude \*.tbd -resolve-src-symlinks /Applications/Xcode.app/Contents/Developer/Platforms/MacOSX.platform/Developer/Library/Frameworks/XCTest.framework /Users/sandeep/Library/Developer/Xcode/DerivedData/YapYap-fgocbvsmqtadmncqpdsycxzkwxrc/Build/Products/Debug/YapYap.app/Contents/Frameworks

Copy /Users/sandeep/Library/Developer/Xcode/DerivedData/YapYap-fgocbvsmqtadmncqpdsycxzkwxrc/Build/Products/Debug/YapYap.app/Contents/Frameworks/XCTAutomationSupport.framework /Applications/Xcode.app/Contents/Developer/Platforms/MacOSX.platform/Developer/Library/PrivateFrameworks/XCTAutomationSupport.framework (in target 'YapYap' from project 'YapYap')
    cd /Users/sandeep/Projects/yapyap/YapYap
    builtin-copy -exclude .DS_Store -exclude CVS -exclude .svn -exclude .git -exclude .hg -exclude Headers -exclude PrivateHeaders -exclude Modules -exclude \*.tbd -resolve-src-symlinks /Applications/Xcode.app/Contents/Developer/Platforms/MacOSX.platform/Developer/Library/PrivateFrameworks/XCTAutomationSupport.framework /Users/sandeep/Library/Developer/Xcode/DerivedData/YapYap-fgocbvsmqtadmncqpdsycxzkwxrc/Build/Products/Debug/YapYap.app/Contents/Frameworks

Copy /Users/sandeep/Library/Developer/Xcode/DerivedData/YapYap-fgocbvsmqtadmncqpdsycxzkwxrc/Build/Products/Debug/YapYap.app/Contents/Frameworks/Testing.framework /Applications/Xcode.app/Contents/Developer/Platforms/MacOSX.platform/Developer/Library/Frameworks/Testing.framework (in target 'YapYap' from project 'YapYap')
    cd /Users/sandeep/Projects/yapyap/YapYap
    builtin-copy -exclude .DS_Store -exclude CVS -exclude .svn -exclude .git -exclude .hg -exclude Headers -exclude PrivateHeaders -exclude Modules -exclude \*.tbd -resolve-src-symlinks /Applications/Xcode.app/Contents/Developer/Platforms/MacOSX.platform/Developer/Library/Frameworks/Testing.framework /Users/sandeep/Library/Developer/Xcode/DerivedData/YapYap-fgocbvsmqtadmncqpdsycxzkwxrc/Build/Products/Debug/YapYap.app/Contents/Frameworks

ProcessInfoPlistFile /Users/sandeep/Library/Developer/Xcode/DerivedData/YapYap-fgocbvsmqtadmncqpdsycxzkwxrc/Build/Products/Debug/YapYap.app/Contents/Info.plist /Users/sandeep/Projects/yapyap/YapYap/YapYap/Info.plist (in target 'YapYap' from project 'YapYap')
    cd /Users/sandeep/Projects/yapyap/YapYap
    builtin-infoPlistUtility /Users/sandeep/Projects/yapyap/YapYap/YapYap/Info.plist -producttype com.apple.product-type.application -genpkginfo /Users/sandeep/Library/Developer/Xcode/DerivedData/YapYap-fgocbvsmqtadmncqpdsycxzkwxrc/Build/Products/Debug/YapYap.app/Contents/PkgInfo -expandbuildsettings -platform macosx -additionalcontentfile /Users/sandeep/Library/Developer/Xcode/DerivedData/YapYap-fgocbvsmqtadmncqpdsycxzkwxrc/Build/Intermediates.noindex/YapYap.build/Debug/YapYap.build/assetcatalog_generated_info.plist -scanforprivacyfile /Users/sandeep/Library/Developer/Xcode/DerivedData/YapYap-fgocbvsmqtadmncqpdsycxzkwxrc/Build/Products/Debug/YapYap.app/Contents/Frameworks/Sparkle.framework -scanforprivacyfile /Users/sandeep/Library/Developer/Xcode/DerivedData/YapYap-fgocbvsmqtadmncqpdsycxzkwxrc/Build/Products/Debug/YapYap.app/Contents/Resources/KeyboardShortcuts_KeyboardShortcuts.bundle -scanforprivacyfile /Users/sandeep/Library/Developer/Xcode/DerivedData/YapYap-fgocbvsmqtadmncqpdsycxzkwxrc/Build/Products/Debug/YapYap.app/Contents/Resources/mlx-swift_Cmlx.bundle -scanforprivacyfile /Users/sandeep/Library/Developer/Xcode/DerivedData/YapYap-fgocbvsmqtadmncqpdsycxzkwxrc/Build/Products/Debug/YapYap.app/Contents/Resources/swift-transformers_Hub.bundle -o /Users/sandeep/Library/Developer/Xcode/DerivedData/YapYap-fgocbvsmqtadmncqpdsycxzkwxrc/Build/Products/Debug/YapYap.app/Contents/Info.plist

CopySwiftLibs /Users/sandeep/Library/Developer/Xcode/DerivedData/YapYap-fgocbvsmqtadmncqpdsycxzkwxrc/Build/Products/Debug/YapYap.app (in target 'YapYap' from project 'YapYap')
    cd /Users/sandeep/Projects/yapyap/YapYap
    builtin-swiftStdLibTool --copy --verbose --sign - --scan-executable /Users/sandeep/Library/Developer/Xcode/DerivedData/YapYap-fgocbvsmqtadmncqpdsycxzkwxrc/Build/Products/Debug/YapYap.app/Contents/MacOS/YapYap.debug.dylib --scan-folder /Users/sandeep/Library/Developer/Xcode/DerivedData/YapYap-fgocbvsmqtadmncqpdsycxzkwxrc/Build/Products/Debug/YapYap.app/Contents/Frameworks --scan-folder /Users/sandeep/Library/Developer/Xcode/DerivedData/YapYap-fgocbvsmqtadmncqpdsycxzkwxrc/Build/Products/Debug/YapYap.app/Contents/PlugIns --scan-folder /Users/sandeep/Library/Developer/Xcode/DerivedData/YapYap-fgocbvsmqtadmncqpdsycxzkwxrc/Build/Products/Debug/YapYap.app/Contents/Library/SystemExtensions --scan-folder /Users/sandeep/Library/Developer/Xcode/DerivedData/YapYap-fgocbvsmqtadmncqpdsycxzkwxrc/Build/Products/Debug/YapYap.app/Contents/Extensions --platform macosx --toolchain /var/run/com.apple.security.cryptexd/mnt/com.apple.MobileAsset.MetalToolchain-v17.3.48.0.JI66Lc/Metal.xctoolchain --toolchain /Applications/Xcode.app/Contents/Developer/Toolchains/XcodeDefault.xctoolchain --destination /Users/sandeep/Library/Developer/Xcode/DerivedData/YapYap-fgocbvsmqtadmncqpdsycxzkwxrc/Build/Products/Debug/YapYap.app/Contents/Frameworks --strip-bitcode --strip-bitcode-tool /Applications/Xcode.app/Contents/Developer/Toolchains/XcodeDefault.xctoolchain/usr/bin/bitcode_strip --emit-dependency-info /Users/sandeep/Library/Developer/Xcode/DerivedData/YapYap-fgocbvsmqtadmncqpdsycxzkwxrc/Build/Intermediates.noindex/YapYap.build/Debug/YapYap.build/SwiftStdLibToolInputDependencies.dep --filter-for-swift-os --back-deploy-swift-span

CodeSign /Users/sandeep/Library/Developer/Xcode/DerivedData/YapYap-fgocbvsmqtadmncqpdsycxzkwxrc/Build/Products/Debug/YapYap.app/Contents/Frameworks/libXCTestSwiftSupport.dylib (in target 'YapYap' from project 'YapYap')
    cd /Users/sandeep/Projects/yapyap/YapYap
    
    Signing Identity:     "Sign to Run Locally"
    
    /usr/bin/codesign --force --sign - --timestamp\=none --preserve-metadata\=identifier,entitlements,flags --generate-entitlement-der /Users/sandeep/Library/Developer/Xcode/DerivedData/YapYap-fgocbvsmqtadmncqpdsycxzkwxrc/Build/Products/Debug/YapYap.app/Contents/Frameworks/libXCTestSwiftSupport.dylib
/Users/sandeep/Library/Developer/Xcode/DerivedData/YapYap-fgocbvsmqtadmncqpdsycxzkwxrc/Build/Products/Debug/YapYap.app/Contents/Frameworks/libXCTestSwiftSupport.dylib: replacing existing signature

CodeSign /Users/sandeep/Library/Developer/Xcode/DerivedData/YapYap-fgocbvsmqtadmncqpdsycxzkwxrc/Build/Products/Debug/YapYap.app/Contents/Frameworks/libXCTestBundleInject.dylib (in target 'YapYap' from project 'YapYap')
    cd /Users/sandeep/Projects/yapyap/YapYap
    
    Signing Identity:     "Sign to Run Locally"
    
    /usr/bin/codesign --force --sign - --timestamp\=none --preserve-metadata\=identifier,entitlements,flags --generate-entitlement-der /Users/sandeep/Library/Developer/Xcode/DerivedData/YapYap-fgocbvsmqtadmncqpdsycxzkwxrc/Build/Products/Debug/YapYap.app/Contents/Frameworks/libXCTestBundleInject.dylib
/Users/sandeep/Library/Developer/Xcode/DerivedData/YapYap-fgocbvsmqtadmncqpdsycxzkwxrc/Build/Products/Debug/YapYap.app/Contents/Frameworks/libXCTestBundleInject.dylib: replacing existing signature

CodeSign /Users/sandeep/Library/Developer/Xcode/DerivedData/YapYap-fgocbvsmqtadmncqpdsycxzkwxrc/Build/Products/Debug/YapYap.app/Contents/Frameworks/XCUnit.framework (in target 'YapYap' from project 'YapYap')
    cd /Users/sandeep/Projects/yapyap/YapYap
    
    Signing Identity:     "Sign to Run Locally"
    
    /usr/bin/codesign --force --sign - --timestamp\=none --preserve-metadata\=identifier,entitlements,flags --generate-entitlement-der /Users/sandeep/Library/Developer/Xcode/DerivedData/YapYap-fgocbvsmqtadmncqpdsycxzkwxrc/Build/Products/Debug/YapYap.app/Contents/Frameworks/XCUnit.framework
/Users/sandeep/Library/Developer/Xcode/DerivedData/YapYap-fgocbvsmqtadmncqpdsycxzkwxrc/Build/Products/Debug/YapYap.app/Contents/Frameworks/XCUnit.framework: replacing existing signature

CodeSign /Users/sandeep/Library/Developer/Xcode/DerivedData/YapYap-fgocbvsmqtadmncqpdsycxzkwxrc/Build/Products/Debug/YapYap.app/Contents/Frameworks/XCUIAutomation.framework (in target 'YapYap' from project 'YapYap')
    cd /Users/sandeep/Projects/yapyap/YapYap
    
    Signing Identity:     "Sign to Run Locally"
    
    /usr/bin/codesign --force --sign - --timestamp\=none --preserve-metadata\=identifier,entitlements,flags --generate-entitlement-der /Users/sandeep/Library/Developer/Xcode/DerivedData/YapYap-fgocbvsmqtadmncqpdsycxzkwxrc/Build/Products/Debug/YapYap.app/Contents/Frameworks/XCUIAutomation.framework
/Users/sandeep/Library/Developer/Xcode/DerivedData/YapYap-fgocbvsmqtadmncqpdsycxzkwxrc/Build/Products/Debug/YapYap.app/Contents/Frameworks/XCUIAutomation.framework: replacing existing signature

CodeSign /Users/sandeep/Library/Developer/Xcode/DerivedData/YapYap-fgocbvsmqtadmncqpdsycxzkwxrc/Build/Products/Debug/YapYap.app/Contents/Frameworks/XCTestSupport.framework (in target 'YapYap' from project 'YapYap')
    cd /Users/sandeep/Projects/yapyap/YapYap
    
    Signing Identity:     "Sign to Run Locally"
    
    /usr/bin/codesign --force --sign - --timestamp\=none --preserve-metadata\=identifier,entitlements,flags --generate-entitlement-der /Users/sandeep/Library/Developer/Xcode/DerivedData/YapYap-fgocbvsmqtadmncqpdsycxzkwxrc/Build/Products/Debug/YapYap.app/Contents/Frameworks/XCTestSupport.framework
/Users/sandeep/Library/Developer/Xcode/DerivedData/YapYap-fgocbvsmqtadmncqpdsycxzkwxrc/Build/Products/Debug/YapYap.app/Contents/Frameworks/XCTestSupport.framework: replacing existing signature

CodeSign /Users/sandeep/Library/Developer/Xcode/DerivedData/YapYap-fgocbvsmqtadmncqpdsycxzkwxrc/Build/Products/Debug/YapYap.app/Contents/Frameworks/XCTestCore.framework (in target 'YapYap' from project 'YapYap')
    cd /Users/sandeep/Projects/yapyap/YapYap
    
    Signing Identity:     "Sign to Run Locally"
    
    /usr/bin/codesign --force --sign - --timestamp\=none --preserve-metadata\=identifier,entitlements,flags --generate-entitlement-der /Users/sandeep/Library/Developer/Xcode/DerivedData/YapYap-fgocbvsmqtadmncqpdsycxzkwxrc/Build/Products/Debug/YapYap.app/Contents/Frameworks/XCTestCore.framework
/Users/sandeep/Library/Developer/Xcode/DerivedData/YapYap-fgocbvsmqtadmncqpdsycxzkwxrc/Build/Products/Debug/YapYap.app/Contents/Frameworks/XCTestCore.framework: replacing existing signature

CodeSign /Users/sandeep/Library/Developer/Xcode/DerivedData/YapYap-fgocbvsmqtadmncqpdsycxzkwxrc/Build/Products/Debug/YapYap.app/Contents/Frameworks/XCTest.framework (in target 'YapYap' from project 'YapYap')
    cd /Users/sandeep/Projects/yapyap/YapYap
    
    Signing Identity:     "Sign to Run Locally"
    
    /usr/bin/codesign --force --sign - --timestamp\=none --preserve-metadata\=identifier,entitlements,flags --generate-entitlement-der /Users/sandeep/Library/Developer/Xcode/DerivedData/YapYap-fgocbvsmqtadmncqpdsycxzkwxrc/Build/Products/Debug/YapYap.app/Contents/Frameworks/XCTest.framework
/Users/sandeep/Library/Developer/Xcode/DerivedData/YapYap-fgocbvsmqtadmncqpdsycxzkwxrc/Build/Products/Debug/YapYap.app/Contents/Frameworks/XCTest.framework: replacing existing signature

CodeSign /Users/sandeep/Library/Developer/Xcode/DerivedData/YapYap-fgocbvsmqtadmncqpdsycxzkwxrc/Build/Products/Debug/YapYap.app/Contents/Frameworks/XCTAutomationSupport.framework (in target 'YapYap' from project 'YapYap')
    cd /Users/sandeep/Projects/yapyap/YapYap
    
    Signing Identity:     "Sign to Run Locally"
    
    /usr/bin/codesign --force --sign - --timestamp\=none --preserve-metadata\=identifier,entitlements,flags --generate-entitlement-der /Users/sandeep/Library/Developer/Xcode/DerivedData/YapYap-fgocbvsmqtadmncqpdsycxzkwxrc/Build/Products/Debug/YapYap.app/Contents/Frameworks/XCTAutomationSupport.framework
/Users/sandeep/Library/Developer/Xcode/DerivedData/YapYap-fgocbvsmqtadmncqpdsycxzkwxrc/Build/Products/Debug/YapYap.app/Contents/Frameworks/XCTAutomationSupport.framework: replacing existing signature

CodeSign /Users/sandeep/Library/Developer/Xcode/DerivedData/YapYap-fgocbvsmqtadmncqpdsycxzkwxrc/Build/Products/Debug/YapYap.app/Contents/Frameworks/Testing.framework (in target 'YapYap' from project 'YapYap')
    cd /Users/sandeep/Projects/yapyap/YapYap
    
    Signing Identity:     "Sign to Run Locally"
    
    /usr/bin/codesign --force --sign - --timestamp\=none --preserve-metadata\=identifier,entitlements,flags --generate-entitlement-der /Users/sandeep/Library/Developer/Xcode/DerivedData/YapYap-fgocbvsmqtadmncqpdsycxzkwxrc/Build/Products/Debug/YapYap.app/Contents/Frameworks/Testing.framework
/Users/sandeep/Library/Developer/Xcode/DerivedData/YapYap-fgocbvsmqtadmncqpdsycxzkwxrc/Build/Products/Debug/YapYap.app/Contents/Frameworks/Testing.framework: replacing existing signature

SwiftDriver YapYapTests normal arm64 com.apple.xcode.tools.swift.compiler (in target 'YapYapTests' from project 'YapYap')
    cd /Users/sandeep/Projects/yapyap/YapYap
    builtin-SwiftDriver -- /Applications/Xcode.app/Contents/Developer/Toolchains/XcodeDefault.xctoolchain/usr/bin/swiftc -module-name YapYapTests -Onone -enforce-exclusivity\=checked @/Users/sandeep/Library/Developer/Xcode/DerivedData/YapYap-fgocbvsmqtadmncqpdsycxzkwxrc/Build/Intermediates.noindex/YapYap.build/Debug/YapYapTests.build/Objects-normal/arm64/YapYapTests.SwiftFileList -DDEBUG -plugin-path /Applications/Xcode.app/Contents/Developer/Toolchains/XcodeDefault.xctoolchain/usr/lib/swift/host/plugins/testing -enable-bare-slash-regex -enable-experimental-feature DebugDescriptionMacro -sdk /Applications/Xcode.app/Contents/Developer/Platforms/MacOSX.platform/Developer/SDKs/MacOSX26.2.sdk -target arm64-apple-macos14.0 -g -module-cache-path /Users/sandeep/Library/Developer/Xcode/DerivedData/ModuleCache.noindex -Xfrontend -serialize-debugging-options -profile-coverage-mapping -profile-generate -enable-testing -index-store-path /Users/sandeep/Library/Developer/Xcode/DerivedData/YapYap-fgocbvsmqtadmncqpdsycxzkwxrc/Index.noindex/DataStore -Xcc -D_LIBCPP_HARDENING_MODE\=_LIBCPP_HARDENING_MODE_DEBUG -swift-version 5 -I /Users/sandeep/Library/Developer/Xcode/DerivedData/YapYap-fgocbvsmqtadmncqpdsycxzkwxrc/Build/Products/Debug -Isystem /Applications/Xcode.app/Contents/Developer/Platforms/MacOSX.platform/Developer/usr/lib -F /Users/sandeep/Library/Developer/Xcode/DerivedData/YapYap-fgocbvsmqtadmncqpdsycxzkwxrc/Build/Products/Debug/PackageFrameworks -F /Users/sandeep/Library/Developer/Xcode/DerivedData/YapYap-fgocbvsmqtadmncqpdsycxzkwxrc/Build/Products/Debug/PackageFrameworks -F /Users/sandeep/Library/Developer/Xcode/DerivedData/YapYap-fgocbvsmqtadmncqpdsycxzkwxrc/Build/Products/Debug/PackageFrameworks -F /Users/sandeep/Library/Developer/Xcode/DerivedData/YapYap-fgocbvsmqtadmncqpdsycxzkwxrc/Build/Products/Debug/PackageFrameworks -F /Users/sandeep/Library/Developer/Xcode/DerivedData/YapYap-fgocbvsmqtadmncqpdsycxzkwxrc/Build/Products/Debug/PackageFrameworks -F /Users/sandeep/Library/Developer/Xcode/DerivedData/YapYap-fgocbvsmqtadmncqpdsycxzkwxrc/Build/Products/Debug/PackageFrameworks -F /Users/sandeep/Library/Developer/Xcode/DerivedData/YapYap-fgocbvsmqtadmncqpdsycxzkwxrc/Build/Products/Debug/PackageFrameworks -F /Users/sandeep/Library/Developer/Xcode/DerivedData/YapYap-fgocbvsmqtadmncqpdsycxzkwxrc/Build/Products/Debug/PackageFrameworks -F /Users/sandeep/Library/Developer/Xcode/DerivedData/YapYap-fgocbvsmqtadmncqpdsycxzkwxrc/Build/Products/Debug/PackageFrameworks -F /Users/sandeep/Library/Developer/Xcode/DerivedData/YapYap-fgocbvsmqtadmncqpdsycxzkwxrc/Build/Products/Debug/PackageFrameworks -F /Users/sandeep/Library/Developer/Xcode/DerivedData/YapYap-fgocbvsmqtadmncqpdsycxzkwxrc/Build/Products/Debug/PackageFrameworks -F /Users/sandeep/Library/Developer/Xcode/DerivedData/YapYap-fgocbvsmqtadmncqpdsycxzkwxrc/Build/Products/Debug/PackageFrameworks -F /Users/sandeep/Library/Developer/Xcode/DerivedData/YapYap-fgocbvsmqtadmncqpdsycxzkwxrc/Build/Products/Debug/PackageFrameworks -F /Users/sandeep/Library/Developer/Xcode/DerivedData/YapYap-fgocbvsmqtadmncqpdsycxzkwxrc/Build/Products/Debug/PackageFrameworks -F /Users/sandeep/Library/Developer/Xcode/DerivedData/YapYap-fgocbvsmqtadmncqpdsycxzkwxrc/Build/Products/Debug/PackageFrameworks -F /Users/sandeep/Library/Developer/Xcode/DerivedData/YapYap-fgocbvsmqtadmncqpdsycxzkwxrc/Build/Products/Debug/PackageFrameworks -F /Users/sandeep/Library/Developer/Xcode/DerivedData/YapYap-fgocbvsmqtadmncqpdsycxzkwxrc/Build/Products/Debug/PackageFrameworks -F /Users/sandeep/Library/Developer/Xcode/DerivedData/YapYap-fgocbvsmqtadmncqpdsycxzkwxrc/Build/Products/Debug/PackageFrameworks -F /Users/sandeep/Library/Developer/Xcode/DerivedData/YapYap-fgocbvsmqtadmncqpdsycxzkwxrc/Build/Products/Debug/PackageFrameworks -F /Users/sandeep/Library/Developer/Xcode/DerivedData/YapYap-fgocbvsmqtadmncqpdsycxzkwxrc/Build/Products/Debug/PackageFrameworks -F /Users/sandeep/Library/Developer/Xcode/DerivedData/YapYap-fgocbvsmqtadmncqpdsycxzkwxrc/Build/Products/Debug/PackageFrameworks -F /Users/sandeep/Library/Developer/Xcode/DerivedData/YapYap-fgocbvsmqtadmncqpdsycxzkwxrc/Build/Products/Debug/PackageFrameworks -F /Users/sandeep/Library/Developer/Xcode/DerivedData/YapYap-fgocbvsmqtadmncqpdsycxzkwxrc/Build/Products/Debug/PackageFrameworks -F /Users/sandeep/Library/Developer/Xcode/DerivedData/YapYap-fgocbvsmqtadmncqpdsycxzkwxrc/Build/Products/Debug/PackageFrameworks -F /Users/sandeep/Library/Developer/Xcode/DerivedData/YapYap-fgocbvsmqtadmncqpdsycxzkwxrc/Build/Products/Debug/PackageFrameworks -F /Users/sandeep/Library/Developer/Xcode/DerivedData/YapYap-fgocbvsmqtadmncqpdsycxzkwxrc/Build/Products/Debug/PackageFrameworks -F /Users/sandeep/Library/Developer/Xcode/DerivedData/YapYap-fgocbvsmqtadmncqpdsycxzkwxrc/Build/Products/Debug -F /Applications/Xcode.app/Contents/Developer/Platforms/MacOSX.platform/Developer/Library/Frameworks -c -j8 -enable-batch-mode -incremental -Xcc -ivfsstatcache -Xcc /Users/sandeep/Library/Developer/Xcode/DerivedData/SDKStatCaches.noindex/macosx26.2-25C57-3885c01c3e6b6a337905948deab2002e00fa09913b459cbbc988d1f6730289ae.sdkstatcache -output-file-map /Users/sandeep/Library/Developer/Xcode/DerivedData/YapYap-fgocbvsmqtadmncqpdsycxzkwxrc/Build/Intermediates.noindex/YapYap.build/Debug/YapYapTests.build/Objects-normal/arm64/YapYapTests-OutputFileMap.json -use-frontend-parseable-output -save-temps -no-color-diagnostics -explicit-module-build -module-cache-path /Users/sandeep/Library/Developer/Xcode/DerivedData/YapYap-fgocbvsmqtadmncqpdsycxzkwxrc/Build/Intermediates.noindex/SwiftExplicitPrecompiledModules -clang-scanner-module-cache-path /Users/sandeep/Library/Developer/Xcode/DerivedData/ModuleCache.noindex -sdk-module-cache-path /Users/sandeep/Library/Developer/Xcode/DerivedData/ModuleCache.noindex -serialize-diagnostics -emit-dependencies -emit-module -emit-module-path /Users/sandeep/Library/Developer/Xcode/DerivedData/YapYap-fgocbvsmqtadmncqpdsycxzkwxrc/Build/Intermediates.noindex/YapYap.build/Debug/YapYapTests.build/Objects-normal/arm64/YapYapTests.swiftmodule -validate-clang-modules-once -clang-build-session-file /Users/sandeep/Library/Developer/Xcode/DerivedData/ModuleCache.noindex/Session.modulevalidation -Xcc -I/Users/sandeep/Library/Developer/Xcode/DerivedData/YapYap-fgocbvsmqtadmncqpdsycxzkwxrc/Build/Intermediates.noindex/YapYap.build/Debug/YapYapTests.build/swift-overrides.hmap -emit-const-values -Xfrontend -const-gather-protocols-file -Xfrontend /Users/sandeep/Library/Developer/Xcode/DerivedData/YapYap-fgocbvsmqtadmncqpdsycxzkwxrc/Build/Intermediates.noindex/YapYap.build/Debug/YapYapTests.build/Objects-normal/arm64/YapYapTests_const_extract_protocols.json -Xcc -iquote -Xcc /Users/sandeep/Library/Developer/Xcode/DerivedData/YapYap-fgocbvsmqtadmncqpdsycxzkwxrc/Build/Intermediates.noindex/YapYap.build/Debug/YapYapTests.build/YapYapTests-generated-files.hmap -Xcc -I/Users/sandeep/Library/Developer/Xcode/DerivedData/YapYap-fgocbvsmqtadmncqpdsycxzkwxrc/Build/Intermediates.noindex/YapYap.build/Debug/YapYapTests.build/YapYapTests-own-target-headers.hmap -Xcc -I/Users/sandeep/Library/Developer/Xcode/DerivedData/YapYap-fgocbvsmqtadmncqpdsycxzkwxrc/Build/Intermediates.noindex/YapYap.build/Debug/YapYapTests.build/YapYapTests-all-non-framework-target-headers.hmap -Xcc -ivfsoverlay -Xcc /Users/sandeep/Library/Developer/Xcode/DerivedData/YapYap-fgocbvsmqtadmncqpdsycxzkwxrc/Build/Intermediates.noindex/YapYap.build/Debug/YapYap-a91a685146c11350f3ac768c70f9521c-VFS/all-product-headers.yaml -Xcc -iquote -Xcc /Users/sandeep/Library/Developer/Xcode/DerivedData/YapYap-fgocbvsmqtadmncqpdsycxzkwxrc/Build/Intermediates.noindex/YapYap.build/Debug/YapYapTests.build/YapYapTests-project-headers.hmap -Xcc -I/Users/sandeep/Library/Developer/Xcode/DerivedData/YapYap-fgocbvsmqtadmncqpdsycxzkwxrc/SourcePackages/checkouts/FluidAudio/Sources/MachTaskSelfWrapper/include -Xcc -I/Users/sandeep/Library/Developer/Xcode/DerivedData/YapYap-fgocbvsmqtadmncqpdsycxzkwxrc/SourcePackages/checkouts/FluidAudio/Sources/FastClusterWrapper/include -Xcc -I/Users/sandeep/Library/Developer/Xcode/DerivedData/YapYap-fgocbvsmqtadmncqpdsycxzkwxrc/SourcePackages/checkouts/swift-numerics/Sources/_NumericsShims/include -Xcc -I/Users/sandeep/Library/Developer/Xcode/DerivedData/YapYap-fgocbvsmqtadmncqpdsycxzkwxrc/SourcePackages/checkouts/mlx-swift/Source/Cmlx/include -Xcc -I/Users/sandeep/Library/Developer/Xcode/DerivedData/YapYap-fgocbvsmqtadmncqpdsycxzkwxrc/Build/Products/Debug/include -Xcc -I/Users/sandeep/Library/Developer/Xcode/DerivedData/YapYap-fgocbvsmqtadmncqpdsycxzkwxrc/Build/Intermediates.noindex/YapYap.build/Debug/YapYapTests.build/DerivedSources-normal/arm64 -Xcc -I/Users/sandeep/Library/Developer/Xcode/DerivedData/YapYap-fgocbvsmqtadmncqpdsycxzkwxrc/Build/Intermediates.noindex/YapYap.build/Debug/YapYapTests.build/DerivedSources/arm64 -Xcc -I/Users/sandeep/Library/Developer/Xcode/DerivedData/YapYap-fgocbvsmqtadmncqpdsycxzkwxrc/Build/Intermediates.noindex/YapYap.build/Debug/YapYapTests.build/DerivedSources -Xcc -DDEBUG\=1 -emit-objc-header -emit-objc-header-path /Users/sandeep/Library/Developer/Xcode/DerivedData/YapYap-fgocbvsmqtadmncqpdsycxzkwxrc/Build/Intermediates.noindex/YapYap.build/Debug/YapYapTests.build/Objects-normal/arm64/YapYapTests-Swift.h -working-directory /Users/sandeep/Projects/yapyap/YapYap -experimental-emit-module-separately -disable-cmo

Copy /Users/sandeep/Library/Developer/Xcode/DerivedData/YapYap-fgocbvsmqtadmncqpdsycxzkwxrc/Build/Products/Debug/YapYap.app/Contents/PlugIns/YapYapTests.xctest/Contents/Resources/mlx-swift_Cmlx.bundle /Users/sandeep/Library/Developer/Xcode/DerivedData/YapYap-fgocbvsmqtadmncqpdsycxzkwxrc/Build/Products/Debug/mlx-swift_Cmlx.bundle (in target 'YapYapTests' from project 'YapYap')
    cd /Users/sandeep/Projects/yapyap/YapYap
    builtin-copy -exclude .DS_Store -exclude CVS -exclude .svn -exclude .git -exclude .hg -resolve-src-symlinks /Users/sandeep/Library/Developer/Xcode/DerivedData/YapYap-fgocbvsmqtadmncqpdsycxzkwxrc/Build/Products/Debug/mlx-swift_Cmlx.bundle /Users/sandeep/Library/Developer/Xcode/DerivedData/YapYap-fgocbvsmqtadmncqpdsycxzkwxrc/Build/Products/Debug/YapYap.app/Contents/PlugIns/YapYapTests.xctest/Contents/Resources

Copy /Users/sandeep/Library/Developer/Xcode/DerivedData/YapYap-fgocbvsmqtadmncqpdsycxzkwxrc/Build/Products/Debug/YapYap.app/Contents/PlugIns/YapYapTests.xctest/Contents/Resources/KeyboardShortcuts_KeyboardShortcuts.bundle /Users/sandeep/Library/Developer/Xcode/DerivedData/YapYap-fgocbvsmqtadmncqpdsycxzkwxrc/Build/Products/Debug/KeyboardShortcuts_KeyboardShortcuts.bundle (in target 'YapYapTests' from project 'YapYap')
    cd /Users/sandeep/Projects/yapyap/YapYap
    builtin-copy -exclude .DS_Store -exclude CVS -exclude .svn -exclude .git -exclude .hg -resolve-src-symlinks /Users/sandeep/Library/Developer/Xcode/DerivedData/YapYap-fgocbvsmqtadmncqpdsycxzkwxrc/Build/Products/Debug/KeyboardShortcuts_KeyboardShortcuts.bundle /Users/sandeep/Library/Developer/Xcode/DerivedData/YapYap-fgocbvsmqtadmncqpdsycxzkwxrc/Build/Products/Debug/YapYap.app/Contents/PlugIns/YapYapTests.xctest/Contents/Resources

Copy /Users/sandeep/Library/Developer/Xcode/DerivedData/YapYap-fgocbvsmqtadmncqpdsycxzkwxrc/Build/Products/Debug/YapYap.app/Contents/PlugIns/YapYapTests.xctest/Contents/Resources/swift-transformers_Hub.bundle /Users/sandeep/Library/Developer/Xcode/DerivedData/YapYap-fgocbvsmqtadmncqpdsycxzkwxrc/Build/Products/Debug/swift-transformers_Hub.bundle (in target 'YapYapTests' from project 'YapYap')
    cd /Users/sandeep/Projects/yapyap/YapYap
    builtin-copy -exclude .DS_Store -exclude CVS -exclude .svn -exclude .git -exclude .hg -resolve-src-symlinks /Users/sandeep/Library/Developer/Xcode/DerivedData/YapYap-fgocbvsmqtadmncqpdsycxzkwxrc/Build/Products/Debug/swift-transformers_Hub.bundle /Users/sandeep/Library/Developer/Xcode/DerivedData/YapYap-fgocbvsmqtadmncqpdsycxzkwxrc/Build/Products/Debug/YapYap.app/Contents/PlugIns/YapYapTests.xctest/Contents/Resources

ProcessInfoPlistFile /Users/sandeep/Library/Developer/Xcode/DerivedData/YapYap-fgocbvsmqtadmncqpdsycxzkwxrc/Build/Products/Debug/YapYap.app/Contents/PlugIns/YapYapTests.xctest/Contents/Info.plist /Users/sandeep/Library/Developer/Xcode/DerivedData/YapYap-fgocbvsmqtadmncqpdsycxzkwxrc/Build/Intermediates.noindex/YapYap.build/Debug/YapYapTests.build/empty-YapYapTests.plist (in target 'YapYapTests' from project 'YapYap')
    cd /Users/sandeep/Projects/yapyap/YapYap
    builtin-infoPlistUtility /Users/sandeep/Library/Developer/Xcode/DerivedData/YapYap-fgocbvsmqtadmncqpdsycxzkwxrc/Build/Intermediates.noindex/YapYap.build/Debug/YapYapTests.build/empty-YapYapTests.plist -producttype com.apple.product-type.bundle.unit-test -expandbuildsettings -platform macosx -scanforprivacyfile /Users/sandeep/Library/Developer/Xcode/DerivedData/YapYap-fgocbvsmqtadmncqpdsycxzkwxrc/Build/Products/Debug/YapYap.app/Contents/PlugIns/YapYapTests.xctest/Contents/Resources/KeyboardShortcuts_KeyboardShortcuts.bundle -scanforprivacyfile /Users/sandeep/Library/Developer/Xcode/DerivedData/YapYap-fgocbvsmqtadmncqpdsycxzkwxrc/Build/Products/Debug/YapYap.app/Contents/PlugIns/YapYapTests.xctest/Contents/Resources/mlx-swift_Cmlx.bundle -scanforprivacyfile /Users/sandeep/Library/Developer/Xcode/DerivedData/YapYap-fgocbvsmqtadmncqpdsycxzkwxrc/Build/Products/Debug/YapYap.app/Contents/PlugIns/YapYapTests.xctest/Contents/Resources/swift-transformers_Hub.bundle -o /Users/sandeep/Library/Developer/Xcode/DerivedData/YapYap-fgocbvsmqtadmncqpdsycxzkwxrc/Build/Products/Debug/YapYap.app/Contents/PlugIns/YapYapTests.xctest/Contents/Info.plist

SwiftExplicitDependencyGeneratePcm arm64 /Users/sandeep/Library/Developer/Xcode/DerivedData/YapYap-fgocbvsmqtadmncqpdsycxzkwxrc/Build/Intermediates.noindex/SwiftExplicitPrecompiledModules/XCUIAutomation-3TZ9S45CKZKID19OC0DIBN5AH.pcm

SwiftExplicitDependencyCompileModuleFromInterface arm64 /Users/sandeep/Library/Developer/Xcode/DerivedData/YapYap-fgocbvsmqtadmncqpdsycxzkwxrc/Build/Intermediates.noindex/SwiftExplicitPrecompiledModules/XCUIAutomation-33TUAOKLM05BX.swiftmodule

SwiftExplicitDependencyGeneratePcm arm64 /Users/sandeep/Library/Developer/Xcode/DerivedData/YapYap-fgocbvsmqtadmncqpdsycxzkwxrc/Build/Intermediates.noindex/SwiftExplicitPrecompiledModules/XCTest-62PNIVF9OLU3ID4N88J7G2Q09.pcm

SwiftExplicitDependencyCompileModuleFromInterface arm64 /Users/sandeep/Library/Developer/Xcode/DerivedData/YapYap-fgocbvsmqtadmncqpdsycxzkwxrc/Build/Intermediates.noindex/SwiftExplicitPrecompiledModules/XCTest-F9NC3SEE92G8.swiftmodule

SwiftCompile normal arm64 Compiling\ PersonalDictionaryTests.swift /Users/sandeep/Projects/yapyap/YapYap/YapYapTests/PersonalDictionaryTests.swift (in target 'YapYapTests' from project 'YapYap')

SwiftCompile normal arm64 /Users/sandeep/Projects/yapyap/YapYap/YapYapTests/PersonalDictionaryTests.swift (in target 'YapYapTests' from project 'YapYap')
    cd /Users/sandeep/Projects/yapyap/YapYap
    

SwiftEmitModule normal arm64 Emitting\ module\ for\ YapYapTests (in target 'YapYapTests' from project 'YapYap')

EmitSwiftModule normal arm64 (in target 'YapYapTests' from project 'YapYap')
    cd /Users/sandeep/Projects/yapyap/YapYap
    

SwiftCompile normal arm64 Compiling\ SnippetManagerTests.swift /Users/sandeep/Projects/yapyap/YapYap/YapYapTests/SnippetManagerTests.swift (in target 'YapYapTests' from project 'YapYap')
SwiftCompile normal arm64 /Users/sandeep/Projects/yapyap/YapYap/YapYapTests/SnippetManagerTests.swift (in target 'YapYapTests' from project 'YapYap')
    cd /Users/sandeep/Projects/yapyap/YapYap
    

SwiftCompile normal arm64 Compiling\ CommandModeTests.swift,\ DataModelTests.swift /Users/sandeep/Projects/yapyap/YapYap/YapYapTests/CommandModeTests.swift /Users/sandeep/Projects/yapyap/YapYap/YapYapTests/DataModelTests.swift (in target 'YapYapTests' from project 'YapYap')

SwiftCompile normal arm64 /Users/sandeep/Projects/yapyap/YapYap/YapYapTests/CommandModeTests.swift (in target 'YapYapTests' from project 'YapYap')
    cd /Users/sandeep/Projects/yapyap/YapYap
    

SwiftCompile normal arm64 /Users/sandeep/Projects/yapyap/YapYap/YapYapTests/DataModelTests.swift (in target 'YapYapTests' from project 'YapYap')
    cd /Users/sandeep/Projects/yapyap/YapYap
    

SwiftCompile normal arm64 Compiling\ DesignTokensTests.swift,\ FillerFilterTests.swift /Users/sandeep/Projects/yapyap/YapYap/YapYapTests/DesignTokensTests.swift /Users/sandeep/Projects/yapyap/YapYap/YapYapTests/FillerFilterTests.swift (in target 'YapYapTests' from project 'YapYap')

SwiftCompile normal arm64 /Users/sandeep/Projects/yapyap/YapYap/YapYapTests/DesignTokensTests.swift (in target 'YapYapTests' from project 'YapYap')
    cd /Users/sandeep/Projects/yapyap/YapYap
    

SwiftCompile normal arm64 /Users/sandeep/Projects/yapyap/YapYap/YapYapTests/FillerFilterTests.swift (in target 'YapYapTests' from project 'YapYap')
    cd /Users/sandeep/Projects/yapyap/YapYap
    

SwiftCompile normal arm64 Compiling\ YapYapErrorTests.swift /Users/sandeep/Projects/yapyap/YapYap/YapYapTests/YapYapErrorTests.swift (in target 'YapYapTests' from project 'YapYap')
SwiftCompile normal arm64 /Users/sandeep/Projects/yapyap/YapYap/YapYapTests/YapYapErrorTests.swift (in target 'YapYapTests' from project 'YapYap')
    cd /Users/sandeep/Projects/yapyap/YapYap
    

SwiftCompile normal arm64 Compiling\ ModelRegistryTests.swift,\ OutputFormatterTests.swift /Users/sandeep/Projects/yapyap/YapYap/YapYapTests/ModelRegistryTests.swift /Users/sandeep/Projects/yapyap/YapYap/YapYapTests/OutputFormatterTests.swift (in target 'YapYapTests' from project 'YapYap')
SwiftCompile normal arm64 /Users/sandeep/Projects/yapyap/YapYap/YapYapTests/ModelRegistryTests.swift (in target 'YapYapTests' from project 'YapYap')
    cd /Users/sandeep/Projects/yapyap/YapYap
    

SwiftCompile normal arm64 /Users/sandeep/Projects/yapyap/YapYap/YapYapTests/OutputFormatterTests.swift (in target 'YapYapTests' from project 'YapYap')
    cd /Users/sandeep/Projects/yapyap/YapYap
    

SwiftCompile normal arm64 Compiling\ VADConfigTests.swift /Users/sandeep/Projects/yapyap/YapYap/YapYapTests/VADConfigTests.swift (in target 'YapYapTests' from project 'YapYap')

SwiftCompile normal arm64 /Users/sandeep/Projects/yapyap/YapYap/YapYapTests/VADConfigTests.swift (in target 'YapYapTests' from project 'YapYap')
    cd /Users/sandeep/Projects/yapyap/YapYap
    

SwiftCompile normal arm64 Compiling\ AppContextDetectorTests.swift,\ CleanupPromptBuilderTests.swift /Users/sandeep/Projects/yapyap/YapYap/YapYapTests/AppContextDetectorTests.swift /Users/sandeep/Projects/yapyap/YapYap/YapYapTests/CleanupPromptBuilderTests.swift (in target 'YapYapTests' from project 'YapYap')
SwiftCompile normal arm64 /Users/sandeep/Projects/yapyap/YapYap/YapYapTests/AppContextDetectorTests.swift (in target 'YapYapTests' from project 'YapYap')
    cd /Users/sandeep/Projects/yapyap/YapYap
    

SwiftCompile normal arm64 /Users/sandeep/Projects/yapyap/YapYap/YapYapTests/CleanupPromptBuilderTests.swift (in target 'YapYapTests' from project 'YapYap')
    cd /Users/sandeep/Projects/yapyap/YapYap
    

SwiftDriverJobDiscovery normal arm64 Emitting module for YapYapTests (in target 'YapYapTests' from project 'YapYap')

SwiftDriver\ Compilation\ Requirements YapYapTests normal arm64 com.apple.xcode.tools.swift.compiler (in target 'YapYapTests' from project 'YapYap')
    cd /Users/sandeep/Projects/yapyap/YapYap
    builtin-Swift-Compilation-Requirements -- /Applications/Xcode.app/Contents/Developer/Toolchains/XcodeDefault.xctoolchain/usr/bin/swiftc -module-name YapYapTests -Onone -enforce-exclusivity\=checked @/Users/sandeep/Library/Developer/Xcode/DerivedData/YapYap-fgocbvsmqtadmncqpdsycxzkwxrc/Build/Intermediates.noindex/YapYap.build/Debug/YapYapTests.build/Objects-normal/arm64/YapYapTests.SwiftFileList -DDEBUG -plugin-path /Applications/Xcode.app/Contents/Developer/Toolchains/XcodeDefault.xctoolchain/usr/lib/swift/host/plugins/testing -enable-bare-slash-regex -enable-experimental-feature DebugDescriptionMacro -sdk /Applications/Xcode.app/Contents/Developer/Platforms/MacOSX.platform/Developer/SDKs/MacOSX26.2.sdk -target arm64-apple-macos14.0 -g -module-cache-path /Users/sandeep/Library/Developer/Xcode/DerivedData/ModuleCache.noindex -Xfrontend -serialize-debugging-options -profile-coverage-mapping -profile-generate -enable-testing -index-store-path /Users/sandeep/Library/Developer/Xcode/DerivedData/YapYap-fgocbvsmqtadmncqpdsycxzkwxrc/Index.noindex/DataStore -Xcc -D_LIBCPP_HARDENING_MODE\=_LIBCPP_HARDENING_MODE_DEBUG -swift-version 5 -I /Users/sandeep/Library/Developer/Xcode/DerivedData/YapYap-fgocbvsmqtadmncqpdsycxzkwxrc/Build/Products/Debug -Isystem /Applications/Xcode.app/Contents/Developer/Platforms/MacOSX.platform/Developer/usr/lib -F /Users/sandeep/Library/Developer/Xcode/DerivedData/YapYap-fgocbvsmqtadmncqpdsycxzkwxrc/Build/Products/Debug/PackageFrameworks -F /Users/sandeep/Library/Developer/Xcode/DerivedData/YapYap-fgocbvsmqtadmncqpdsycxzkwxrc/Build/Products/Debug/PackageFrameworks -F /Users/sandeep/Library/Developer/Xcode/DerivedData/YapYap-fgocbvsmqtadmncqpdsycxzkwxrc/Build/Products/Debug/PackageFrameworks -F /Users/sandeep/Library/Developer/Xcode/DerivedData/YapYap-fgocbvsmqtadmncqpdsycxzkwxrc/Build/Products/Debug/PackageFrameworks -F /Users/sandeep/Library/Developer/Xcode/DerivedData/YapYap-fgocbvsmqtadmncqpdsycxzkwxrc/Build/Products/Debug/PackageFrameworks -F /Users/sandeep/Library/Developer/Xcode/DerivedData/YapYap-fgocbvsmqtadmncqpdsycxzkwxrc/Build/Products/Debug/PackageFrameworks -F /Users/sandeep/Library/Developer/Xcode/DerivedData/YapYap-fgocbvsmqtadmncqpdsycxzkwxrc/Build/Products/Debug/PackageFrameworks -F /Users/sandeep/Library/Developer/Xcode/DerivedData/YapYap-fgocbvsmqtadmncqpdsycxzkwxrc/Build/Products/Debug/PackageFrameworks -F /Users/sandeep/Library/Developer/Xcode/DerivedData/YapYap-fgocbvsmqtadmncqpdsycxzkwxrc/Build/Products/Debug/PackageFrameworks -F /Users/sandeep/Library/Developer/Xcode/DerivedData/YapYap-fgocbvsmqtadmncqpdsycxzkwxrc/Build/Products/Debug/PackageFrameworks -F /Users/sandeep/Library/Developer/Xcode/DerivedData/YapYap-fgocbvsmqtadmncqpdsycxzkwxrc/Build/Products/Debug/PackageFrameworks -F /Users/sandeep/Library/Developer/Xcode/DerivedData/YapYap-fgocbvsmqtadmncqpdsycxzkwxrc/Build/Products/Debug/PackageFrameworks -F /Users/sandeep/Library/Developer/Xcode/DerivedData/YapYap-fgocbvsmqtadmncqpdsycxzkwxrc/Build/Products/Debug/PackageFrameworks -F /Users/sandeep/Library/Developer/Xcode/DerivedData/YapYap-fgocbvsmqtadmncqpdsycxzkwxrc/Build/Products/Debug/PackageFrameworks -F /Users/sandeep/Library/Developer/Xcode/DerivedData/YapYap-fgocbvsmqtadmncqpdsycxzkwxrc/Build/Products/Debug/PackageFrameworks -F /Users/sandeep/Library/Developer/Xcode/DerivedData/YapYap-fgocbvsmqtadmncqpdsycxzkwxrc/Build/Products/Debug/PackageFrameworks -F /Users/sandeep/Library/Developer/Xcode/DerivedData/YapYap-fgocbvsmqtadmncqpdsycxzkwxrc/Build/Products/Debug/PackageFrameworks -F /Users/sandeep/Library/Developer/Xcode/DerivedData/YapYap-fgocbvsmqtadmncqpdsycxzkwxrc/Build/Products/Debug/PackageFrameworks -F /Users/sandeep/Library/Developer/Xcode/DerivedData/YapYap-fgocbvsmqtadmncqpdsycxzkwxrc/Build/Products/Debug/PackageFrameworks -F /Users/sandeep/Library/Developer/Xcode/DerivedData/YapYap-fgocbvsmqtadmncqpdsycxzkwxrc/Build/Products/Debug/PackageFrameworks -F /Users/sandeep/Library/Developer/Xcode/DerivedData/YapYap-fgocbvsmqtadmncqpdsycxzkwxrc/Build/Products/Debug/PackageFrameworks -F /Users/sandeep/Library/Developer/Xcode/DerivedData/YapYap-fgocbvsmqtadmncqpdsycxzkwxrc/Build/Products/Debug/PackageFrameworks -F /Users/sandeep/Library/Developer/Xcode/DerivedData/YapYap-fgocbvsmqtadmncqpdsycxzkwxrc/Build/Products/Debug/PackageFrameworks -F /Users/sandeep/Library/Developer/Xcode/DerivedData/YapYap-fgocbvsmqtadmncqpdsycxzkwxrc/Build/Products/Debug/PackageFrameworks -F /Users/sandeep/Library/Developer/Xcode/DerivedData/YapYap-fgocbvsmqtadmncqpdsycxzkwxrc/Build/Products/Debug/PackageFrameworks -F /Users/sandeep/Library/Developer/Xcode/DerivedData/YapYap-fgocbvsmqtadmncqpdsycxzkwxrc/Build/Products/Debug/PackageFrameworks -F /Users/sandeep/Library/Developer/Xcode/DerivedData/YapYap-fgocbvsmqtadmncqpdsycxzkwxrc/Build/Products/Debug -F /Applications/Xcode.app/Contents/Developer/Platforms/MacOSX.platform/Developer/Library/Frameworks -c -j8 -enable-batch-mode -incremental -Xcc -ivfsstatcache -Xcc /Users/sandeep/Library/Developer/Xcode/DerivedData/SDKStatCaches.noindex/macosx26.2-25C57-3885c01c3e6b6a337905948deab2002e00fa09913b459cbbc988d1f6730289ae.sdkstatcache -output-file-map /Users/sandeep/Library/Developer/Xcode/DerivedData/YapYap-fgocbvsmqtadmncqpdsycxzkwxrc/Build/Intermediates.noindex/YapYap.build/Debug/YapYapTests.build/Objects-normal/arm64/YapYapTests-OutputFileMap.json -use-frontend-parseable-output -save-temps -no-color-diagnostics -explicit-module-build -module-cache-path /Users/sandeep/Library/Developer/Xcode/DerivedData/YapYap-fgocbvsmqtadmncqpdsycxzkwxrc/Build/Intermediates.noindex/SwiftExplicitPrecompiledModules -clang-scanner-module-cache-path /Users/sandeep/Library/Developer/Xcode/DerivedData/ModuleCache.noindex -sdk-module-cache-path /Users/sandeep/Library/Developer/Xcode/DerivedData/ModuleCache.noindex -serialize-diagnostics -emit-dependencies -emit-module -emit-module-path /Users/sandeep/Library/Developer/Xcode/DerivedData/YapYap-fgocbvsmqtadmncqpdsycxzkwxrc/Build/Intermediates.noindex/YapYap.build/Debug/YapYapTests.build/Objects-normal/arm64/YapYapTests.swiftmodule -validate-clang-modules-once -clang-build-session-file /Users/sandeep/Library/Developer/Xcode/DerivedData/ModuleCache.noindex/Session.modulevalidation -Xcc -I/Users/sandeep/Library/Developer/Xcode/DerivedData/YapYap-fgocbvsmqtadmncqpdsycxzkwxrc/Build/Intermediates.noindex/YapYap.build/Debug/YapYapTests.build/swift-overrides.hmap -emit-const-values -Xfrontend -const-gather-protocols-file -Xfrontend /Users/sandeep/Library/Developer/Xcode/DerivedData/YapYap-fgocbvsmqtadmncqpdsycxzkwxrc/Build/Intermediates.noindex/YapYap.build/Debug/YapYapTests.build/Objects-normal/arm64/YapYapTests_const_extract_protocols.json -Xcc -iquote -Xcc /Users/sandeep/Library/Developer/Xcode/DerivedData/YapYap-fgocbvsmqtadmncqpdsycxzkwxrc/Build/Intermediates.noindex/YapYap.build/Debug/YapYapTests.build/YapYapTests-generated-files.hmap -Xcc -I/Users/sandeep/Library/Developer/Xcode/DerivedData/YapYap-fgocbvsmqtadmncqpdsycxzkwxrc/Build/Intermediates.noindex/YapYap.build/Debug/YapYapTests.build/YapYapTests-own-target-headers.hmap -Xcc -I/Users/sandeep/Library/Developer/Xcode/DerivedData/YapYap-fgocbvsmqtadmncqpdsycxzkwxrc/Build/Intermediates.noindex/YapYap.build/Debug/YapYapTests.build/YapYapTests-all-non-framework-target-headers.hmap -Xcc -ivfsoverlay -Xcc /Users/sandeep/Library/Developer/Xcode/DerivedData/YapYap-fgocbvsmqtadmncqpdsycxzkwxrc/Build/Intermediates.noindex/YapYap.build/Debug/YapYap-a91a685146c11350f3ac768c70f9521c-VFS/all-product-headers.yaml -Xcc -iquote -Xcc /Users/sandeep/Library/Developer/Xcode/DerivedData/YapYap-fgocbvsmqtadmncqpdsycxzkwxrc/Build/Intermediates.noindex/YapYap.build/Debug/YapYapTests.build/YapYapTests-project-headers.hmap -Xcc -I/Users/sandeep/Library/Developer/Xcode/DerivedData/YapYap-fgocbvsmqtadmncqpdsycxzkwxrc/SourcePackages/checkouts/FluidAudio/Sources/MachTaskSelfWrapper/include -Xcc -I/Users/sandeep/Library/Developer/Xcode/DerivedData/YapYap-fgocbvsmqtadmncqpdsycxzkwxrc/SourcePackages/checkouts/FluidAudio/Sources/FastClusterWrapper/include -Xcc -I/Users/sandeep/Library/Developer/Xcode/DerivedData/YapYap-fgocbvsmqtadmncqpdsycxzkwxrc/SourcePackages/checkouts/swift-numerics/Sources/_NumericsShims/include -Xcc -I/Users/sandeep/Library/Developer/Xcode/DerivedData/YapYap-fgocbvsmqtadmncqpdsycxzkwxrc/SourcePackages/checkouts/mlx-swift/Source/Cmlx/include -Xcc -I/Users/sandeep/Library/Developer/Xcode/DerivedData/YapYap-fgocbvsmqtadmncqpdsycxzkwxrc/Build/Products/Debug/include -Xcc -I/Users/sandeep/Library/Developer/Xcode/DerivedData/YapYap-fgocbvsmqtadmncqpdsycxzkwxrc/Build/Intermediates.noindex/YapYap.build/Debug/YapYapTests.build/DerivedSources-normal/arm64 -Xcc -I/Users/sandeep/Library/Developer/Xcode/DerivedData/YapYap-fgocbvsmqtadmncqpdsycxzkwxrc/Build/Intermediates.noindex/YapYap.build/Debug/YapYapTests.build/DerivedSources/arm64 -Xcc -I/Users/sandeep/Library/Developer/Xcode/DerivedData/YapYap-fgocbvsmqtadmncqpdsycxzkwxrc/Build/Intermediates.noindex/YapYap.build/Debug/YapYapTests.build/DerivedSources -Xcc -DDEBUG\=1 -emit-objc-header -emit-objc-header-path /Users/sandeep/Library/Developer/Xcode/DerivedData/YapYap-fgocbvsmqtadmncqpdsycxzkwxrc/Build/Intermediates.noindex/YapYap.build/Debug/YapYapTests.build/Objects-normal/arm64/YapYapTests-Swift.h -working-directory /Users/sandeep/Projects/yapyap/YapYap -experimental-emit-module-separately -disable-cmo

SwiftDriverJobDiscovery normal arm64 Compiling DesignTokensTests.swift, FillerFilterTests.swift (in target 'YapYapTests' from project 'YapYap')

SwiftDriverJobDiscovery normal arm64 Compiling CommandModeTests.swift, DataModelTests.swift (in target 'YapYapTests' from project 'YapYap')

SwiftDriverJobDiscovery normal arm64 Compiling PersonalDictionaryTests.swift (in target 'YapYapTests' from project 'YapYap')

SwiftDriverJobDiscovery normal arm64 Compiling VADConfigTests.swift (in target 'YapYapTests' from project 'YapYap')

SwiftDriverJobDiscovery normal arm64 Compiling SnippetManagerTests.swift (in target 'YapYapTests' from project 'YapYap')

SwiftDriverJobDiscovery normal arm64 Compiling YapYapErrorTests.swift (in target 'YapYapTests' from project 'YapYap')

SwiftDriverJobDiscovery normal arm64 Compiling ModelRegistryTests.swift, OutputFormatterTests.swift (in target 'YapYapTests' from project 'YapYap')

SwiftMergeGeneratedHeaders /Users/sandeep/Library/Developer/Xcode/DerivedData/YapYap-fgocbvsmqtadmncqpdsycxzkwxrc/Build/Intermediates.noindex/YapYap.build/Debug/YapYapTests.build/DerivedSources/YapYapTests-Swift.h /Users/sandeep/Library/Developer/Xcode/DerivedData/YapYap-fgocbvsmqtadmncqpdsycxzkwxrc/Build/Intermediates.noindex/YapYap.build/Debug/YapYapTests.build/Objects-normal/arm64/YapYapTests-Swift.h (in target 'YapYapTests' from project 'YapYap')
    cd /Users/sandeep/Projects/yapyap/YapYap
    builtin-swiftHeaderTool -arch arm64 /Users/sandeep/Library/Developer/Xcode/DerivedData/YapYap-fgocbvsmqtadmncqpdsycxzkwxrc/Build/Intermediates.noindex/YapYap.build/Debug/YapYapTests.build/Objects-normal/arm64/YapYapTests-Swift.h -o /Users/sandeep/Library/Developer/Xcode/DerivedData/YapYap-fgocbvsmqtadmncqpdsycxzkwxrc/Build/Intermediates.noindex/YapYap.build/Debug/YapYapTests.build/DerivedSources/YapYapTests-Swift.h

Copy /Users/sandeep/Library/Developer/Xcode/DerivedData/YapYap-fgocbvsmqtadmncqpdsycxzkwxrc/Build/Products/Debug/YapYapTests.swiftmodule/arm64-apple-macos.swiftdoc /Users/sandeep/Library/Developer/Xcode/DerivedData/YapYap-fgocbvsmqtadmncqpdsycxzkwxrc/Build/Intermediates.noindex/YapYap.build/Debug/YapYapTests.build/Objects-normal/arm64/YapYapTests.swiftdoc (in target 'YapYapTests' from project 'YapYap')
    cd /Users/sandeep/Projects/yapyap/YapYap
    builtin-copy -exclude .DS_Store -exclude CVS -exclude .svn -exclude .git -exclude .hg -resolve-src-symlinks -rename /Users/sandeep/Library/Developer/Xcode/DerivedData/YapYap-fgocbvsmqtadmncqpdsycxzkwxrc/Build/Intermediates.noindex/YapYap.build/Debug/YapYapTests.build/Objects-normal/arm64/YapYapTests.swiftdoc /Users/sandeep/Library/Developer/Xcode/DerivedData/YapYap-fgocbvsmqtadmncqpdsycxzkwxrc/Build/Products/Debug/YapYapTests.swiftmodule/arm64-apple-macos.swiftdoc

Copy /Users/sandeep/Library/Developer/Xcode/DerivedData/YapYap-fgocbvsmqtadmncqpdsycxzkwxrc/Build/Products/Debug/YapYapTests.swiftmodule/arm64-apple-macos.swiftmodule /Users/sandeep/Library/Developer/Xcode/DerivedData/YapYap-fgocbvsmqtadmncqpdsycxzkwxrc/Build/Intermediates.noindex/YapYap.build/Debug/YapYapTests.build/Objects-normal/arm64/YapYapTests.swiftmodule (in target 'YapYapTests' from project 'YapYap')
    cd /Users/sandeep/Projects/yapyap/YapYap
    builtin-copy -exclude .DS_Store -exclude CVS -exclude .svn -exclude .git -exclude .hg -resolve-src-symlinks -rename /Users/sandeep/Library/Developer/Xcode/DerivedData/YapYap-fgocbvsmqtadmncqpdsycxzkwxrc/Build/Intermediates.noindex/YapYap.build/Debug/YapYapTests.build/Objects-normal/arm64/YapYapTests.swiftmodule /Users/sandeep/Library/Developer/Xcode/DerivedData/YapYap-fgocbvsmqtadmncqpdsycxzkwxrc/Build/Products/Debug/YapYapTests.swiftmodule/arm64-apple-macos.swiftmodule

Copy /Users/sandeep/Library/Developer/Xcode/DerivedData/YapYap-fgocbvsmqtadmncqpdsycxzkwxrc/Build/Products/Debug/YapYapTests.swiftmodule/arm64-apple-macos.abi.json /Users/sandeep/Library/Developer/Xcode/DerivedData/YapYap-fgocbvsmqtadmncqpdsycxzkwxrc/Build/Intermediates.noindex/YapYap.build/Debug/YapYapTests.build/Objects-normal/arm64/YapYapTests.abi.json (in target 'YapYapTests' from project 'YapYap')
    cd /Users/sandeep/Projects/yapyap/YapYap
    builtin-copy -exclude .DS_Store -exclude CVS -exclude .svn -exclude .git -exclude .hg -resolve-src-symlinks -rename /Users/sandeep/Library/Developer/Xcode/DerivedData/YapYap-fgocbvsmqtadmncqpdsycxzkwxrc/Build/Intermediates.noindex/YapYap.build/Debug/YapYapTests.build/Objects-normal/arm64/YapYapTests.abi.json /Users/sandeep/Library/Developer/Xcode/DerivedData/YapYap-fgocbvsmqtadmncqpdsycxzkwxrc/Build/Products/Debug/YapYapTests.swiftmodule/arm64-apple-macos.abi.json

Copy /Users/sandeep/Library/Developer/Xcode/DerivedData/YapYap-fgocbvsmqtadmncqpdsycxzkwxrc/Build/Products/Debug/YapYapTests.swiftmodule/Project/arm64-apple-macos.swiftsourceinfo /Users/sandeep/Library/Developer/Xcode/DerivedData/YapYap-fgocbvsmqtadmncqpdsycxzkwxrc/Build/Intermediates.noindex/YapYap.build/Debug/YapYapTests.build/Objects-normal/arm64/YapYapTests.swiftsourceinfo (in target 'YapYapTests' from project 'YapYap')
    cd /Users/sandeep/Projects/yapyap/YapYap
    builtin-copy -exclude .DS_Store -exclude CVS -exclude .svn -exclude .git -exclude .hg -resolve-src-symlinks -rename /Users/sandeep/Library/Developer/Xcode/DerivedData/YapYap-fgocbvsmqtadmncqpdsycxzkwxrc/Build/Intermediates.noindex/YapYap.build/Debug/YapYapTests.build/Objects-normal/arm64/YapYapTests.swiftsourceinfo /Users/sandeep/Library/Developer/Xcode/DerivedData/YapYap-fgocbvsmqtadmncqpdsycxzkwxrc/Build/Products/Debug/YapYapTests.swiftmodule/Project/arm64-apple-macos.swiftsourceinfo

SwiftDriverJobDiscovery normal arm64 Compiling AppContextDetectorTests.swift, CleanupPromptBuilderTests.swift (in target 'YapYapTests' from project 'YapYap')

SwiftDriver\ Compilation YapYapTests normal arm64 com.apple.xcode.tools.swift.compiler (in target 'YapYapTests' from project 'YapYap')
    cd /Users/sandeep/Projects/yapyap/YapYap
    builtin-Swift-Compilation -- /Applications/Xcode.app/Contents/Developer/Toolchains/XcodeDefault.xctoolchain/usr/bin/swiftc -module-name YapYapTests -Onone -enforce-exclusivity\=checked @/Users/sandeep/Library/Developer/Xcode/DerivedData/YapYap-fgocbvsmqtadmncqpdsycxzkwxrc/Build/Intermediates.noindex/YapYap.build/Debug/YapYapTests.build/Objects-normal/arm64/YapYapTests.SwiftFileList -DDEBUG -plugin-path /Applications/Xcode.app/Contents/Developer/Toolchains/XcodeDefault.xctoolchain/usr/lib/swift/host/plugins/testing -enable-bare-slash-regex -enable-experimental-feature DebugDescriptionMacro -sdk /Applications/Xcode.app/Contents/Developer/Platforms/MacOSX.platform/Developer/SDKs/MacOSX26.2.sdk -target arm64-apple-macos14.0 -g -module-cache-path /Users/sandeep/Library/Developer/Xcode/DerivedData/ModuleCache.noindex -Xfrontend -serialize-debugging-options -profile-coverage-mapping -profile-generate -enable-testing -index-store-path /Users/sandeep/Library/Developer/Xcode/DerivedData/YapYap-fgocbvsmqtadmncqpdsycxzkwxrc/Index.noindex/DataStore -Xcc -D_LIBCPP_HARDENING_MODE\=_LIBCPP_HARDENING_MODE_DEBUG -swift-version 5 -I /Users/sandeep/Library/Developer/Xcode/DerivedData/YapYap-fgocbvsmqtadmncqpdsycxzkwxrc/Build/Products/Debug -Isystem /Applications/Xcode.app/Contents/Developer/Platforms/MacOSX.platform/Developer/usr/lib -F /Users/sandeep/Library/Developer/Xcode/DerivedData/YapYap-fgocbvsmqtadmncqpdsycxzkwxrc/Build/Products/Debug/PackageFrameworks -F /Users/sandeep/Library/Developer/Xcode/DerivedData/YapYap-fgocbvsmqtadmncqpdsycxzkwxrc/Build/Products/Debug/PackageFrameworks -F /Users/sandeep/Library/Developer/Xcode/DerivedData/YapYap-fgocbvsmqtadmncqpdsycxzkwxrc/Build/Products/Debug/PackageFrameworks -F /Users/sandeep/Library/Developer/Xcode/DerivedData/YapYap-fgocbvsmqtadmncqpdsycxzkwxrc/Build/Products/Debug/PackageFrameworks -F /Users/sandeep/Library/Developer/Xcode/DerivedData/YapYap-fgocbvsmqtadmncqpdsycxzkwxrc/Build/Products/Debug/PackageFrameworks -F /Users/sandeep/Library/Developer/Xcode/DerivedData/YapYap-fgocbvsmqtadmncqpdsycxzkwxrc/Build/Products/Debug/PackageFrameworks -F /Users/sandeep/Library/Developer/Xcode/DerivedData/YapYap-fgocbvsmqtadmncqpdsycxzkwxrc/Build/Products/Debug/PackageFrameworks -F /Users/sandeep/Library/Developer/Xcode/DerivedData/YapYap-fgocbvsmqtadmncqpdsycxzkwxrc/Build/Products/Debug/PackageFrameworks -F /Users/sandeep/Library/Developer/Xcode/DerivedData/YapYap-fgocbvsmqtadmncqpdsycxzkwxrc/Build/Products/Debug/PackageFrameworks -F /Users/sandeep/Library/Developer/Xcode/DerivedData/YapYap-fgocbvsmqtadmncqpdsycxzkwxrc/Build/Products/Debug/PackageFrameworks -F /Users/sandeep/Library/Developer/Xcode/DerivedData/YapYap-fgocbvsmqtadmncqpdsycxzkwxrc/Build/Products/Debug/PackageFrameworks -F /Users/sandeep/Library/Developer/Xcode/DerivedData/YapYap-fgocbvsmqtadmncqpdsycxzkwxrc/Build/Products/Debug/PackageFrameworks -F /Users/sandeep/Library/Developer/Xcode/DerivedData/YapYap-fgocbvsmqtadmncqpdsycxzkwxrc/Build/Products/Debug/PackageFrameworks -F /Users/sandeep/Library/Developer/Xcode/DerivedData/YapYap-fgocbvsmqtadmncqpdsycxzkwxrc/Build/Products/Debug/PackageFrameworks -F /Users/sandeep/Library/Developer/Xcode/DerivedData/YapYap-fgocbvsmqtadmncqpdsycxzkwxrc/Build/Products/Debug/PackageFrameworks -F /Users/sandeep/Library/Developer/Xcode/DerivedData/YapYap-fgocbvsmqtadmncqpdsycxzkwxrc/Build/Products/Debug/PackageFrameworks -F /Users/sandeep/Library/Developer/Xcode/DerivedData/YapYap-fgocbvsmqtadmncqpdsycxzkwxrc/Build/Products/Debug/PackageFrameworks -F /Users/sandeep/Library/Developer/Xcode/DerivedData/YapYap-fgocbvsmqtadmncqpdsycxzkwxrc/Build/Products/Debug/PackageFrameworks -F /Users/sandeep/Library/Developer/Xcode/DerivedData/YapYap-fgocbvsmqtadmncqpdsycxzkwxrc/Build/Products/Debug/PackageFrameworks -F /Users/sandeep/Library/Developer/Xcode/DerivedData/YapYap-fgocbvsmqtadmncqpdsycxzkwxrc/Build/Products/Debug/PackageFrameworks -F /Users/sandeep/Library/Developer/Xcode/DerivedData/YapYap-fgocbvsmqtadmncqpdsycxzkwxrc/Build/Products/Debug/PackageFrameworks -F /Users/sandeep/Library/Developer/Xcode/DerivedData/YapYap-fgocbvsmqtadmncqpdsycxzkwxrc/Build/Products/Debug/PackageFrameworks -F /Users/sandeep/Library/Developer/Xcode/DerivedData/YapYap-fgocbvsmqtadmncqpdsycxzkwxrc/Build/Products/Debug/PackageFrameworks -F /Users/sandeep/Library/Developer/Xcode/DerivedData/YapYap-fgocbvsmqtadmncqpdsycxzkwxrc/Build/Products/Debug/PackageFrameworks -F /Users/sandeep/Library/Developer/Xcode/DerivedData/YapYap-fgocbvsmqtadmncqpdsycxzkwxrc/Build/Products/Debug/PackageFrameworks -F /Users/sandeep/Library/Developer/Xcode/DerivedData/YapYap-fgocbvsmqtadmncqpdsycxzkwxrc/Build/Products/Debug/PackageFrameworks -F /Users/sandeep/Library/Developer/Xcode/DerivedData/YapYap-fgocbvsmqtadmncqpdsycxzkwxrc/Build/Products/Debug -F /Applications/Xcode.app/Contents/Developer/Platforms/MacOSX.platform/Developer/Library/Frameworks -c -j8 -enable-batch-mode -incremental -Xcc -ivfsstatcache -Xcc /Users/sandeep/Library/Developer/Xcode/DerivedData/SDKStatCaches.noindex/macosx26.2-25C57-3885c01c3e6b6a337905948deab2002e00fa09913b459cbbc988d1f6730289ae.sdkstatcache -output-file-map /Users/sandeep/Library/Developer/Xcode/DerivedData/YapYap-fgocbvsmqtadmncqpdsycxzkwxrc/Build/Intermediates.noindex/YapYap.build/Debug/YapYapTests.build/Objects-normal/arm64/YapYapTests-OutputFileMap.json -use-frontend-parseable-output -save-temps -no-color-diagnostics -explicit-module-build -module-cache-path /Users/sandeep/Library/Developer/Xcode/DerivedData/YapYap-fgocbvsmqtadmncqpdsycxzkwxrc/Build/Intermediates.noindex/SwiftExplicitPrecompiledModules -clang-scanner-module-cache-path /Users/sandeep/Library/Developer/Xcode/DerivedData/ModuleCache.noindex -sdk-module-cache-path /Users/sandeep/Library/Developer/Xcode/DerivedData/ModuleCache.noindex -serialize-diagnostics -emit-dependencies -emit-module -emit-module-path /Users/sandeep/Library/Developer/Xcode/DerivedData/YapYap-fgocbvsmqtadmncqpdsycxzkwxrc/Build/Intermediates.noindex/YapYap.build/Debug/YapYapTests.build/Objects-normal/arm64/YapYapTests.swiftmodule -validate-clang-modules-once -clang-build-session-file /Users/sandeep/Library/Developer/Xcode/DerivedData/ModuleCache.noindex/Session.modulevalidation -Xcc -I/Users/sandeep/Library/Developer/Xcode/DerivedData/YapYap-fgocbvsmqtadmncqpdsycxzkwxrc/Build/Intermediates.noindex/YapYap.build/Debug/YapYapTests.build/swift-overrides.hmap -emit-const-values -Xfrontend -const-gather-protocols-file -Xfrontend /Users/sandeep/Library/Developer/Xcode/DerivedData/YapYap-fgocbvsmqtadmncqpdsycxzkwxrc/Build/Intermediates.noindex/YapYap.build/Debug/YapYapTests.build/Objects-normal/arm64/YapYapTests_const_extract_protocols.json -Xcc -iquote -Xcc /Users/sandeep/Library/Developer/Xcode/DerivedData/YapYap-fgocbvsmqtadmncqpdsycxzkwxrc/Build/Intermediates.noindex/YapYap.build/Debug/YapYapTests.build/YapYapTests-generated-files.hmap -Xcc -I/Users/sandeep/Library/Developer/Xcode/DerivedData/YapYap-fgocbvsmqtadmncqpdsycxzkwxrc/Build/Intermediates.noindex/YapYap.build/Debug/YapYapTests.build/YapYapTests-own-target-headers.hmap -Xcc -I/Users/sandeep/Library/Developer/Xcode/DerivedData/YapYap-fgocbvsmqtadmncqpdsycxzkwxrc/Build/Intermediates.noindex/YapYap.build/Debug/YapYapTests.build/YapYapTests-all-non-framework-target-headers.hmap -Xcc -ivfsoverlay -Xcc /Users/sandeep/Library/Developer/Xcode/DerivedData/YapYap-fgocbvsmqtadmncqpdsycxzkwxrc/Build/Intermediates.noindex/YapYap.build/Debug/YapYap-a91a685146c11350f3ac768c70f9521c-VFS/all-product-headers.yaml -Xcc -iquote -Xcc /Users/sandeep/Library/Developer/Xcode/DerivedData/YapYap-fgocbvsmqtadmncqpdsycxzkwxrc/Build/Intermediates.noindex/YapYap.build/Debug/YapYapTests.build/YapYapTests-project-headers.hmap -Xcc -I/Users/sandeep/Library/Developer/Xcode/DerivedData/YapYap-fgocbvsmqtadmncqpdsycxzkwxrc/SourcePackages/checkouts/FluidAudio/Sources/MachTaskSelfWrapper/include -Xcc -I/Users/sandeep/Library/Developer/Xcode/DerivedData/YapYap-fgocbvsmqtadmncqpdsycxzkwxrc/SourcePackages/checkouts/FluidAudio/Sources/FastClusterWrapper/include -Xcc -I/Users/sandeep/Library/Developer/Xcode/DerivedData/YapYap-fgocbvsmqtadmncqpdsycxzkwxrc/SourcePackages/checkouts/swift-numerics/Sources/_NumericsShims/include -Xcc -I/Users/sandeep/Library/Developer/Xcode/DerivedData/YapYap-fgocbvsmqtadmncqpdsycxzkwxrc/SourcePackages/checkouts/mlx-swift/Source/Cmlx/include -Xcc -I/Users/sandeep/Library/Developer/Xcode/DerivedData/YapYap-fgocbvsmqtadmncqpdsycxzkwxrc/Build/Products/Debug/include -Xcc -I/Users/sandeep/Library/Developer/Xcode/DerivedData/YapYap-fgocbvsmqtadmncqpdsycxzkwxrc/Build/Intermediates.noindex/YapYap.build/Debug/YapYapTests.build/DerivedSources-normal/arm64 -Xcc -I/Users/sandeep/Library/Developer/Xcode/DerivedData/YapYap-fgocbvsmqtadmncqpdsycxzkwxrc/Build/Intermediates.noindex/YapYap.build/Debug/YapYapTests.build/DerivedSources/arm64 -Xcc -I/Users/sandeep/Library/Developer/Xcode/DerivedData/YapYap-fgocbvsmqtadmncqpdsycxzkwxrc/Build/Intermediates.noindex/YapYap.build/Debug/YapYapTests.build/DerivedSources -Xcc -DDEBUG\=1 -emit-objc-header -emit-objc-header-path /Users/sandeep/Library/Developer/Xcode/DerivedData/YapYap-fgocbvsmqtadmncqpdsycxzkwxrc/Build/Intermediates.noindex/YapYap.build/Debug/YapYapTests.build/Objects-normal/arm64/YapYapTests-Swift.h -working-directory /Users/sandeep/Projects/yapyap/YapYap -experimental-emit-module-separately -disable-cmo

Ld /Users/sandeep/Library/Developer/Xcode/DerivedData/YapYap-fgocbvsmqtadmncqpdsycxzkwxrc/Build/Products/Debug/YapYap.app/Contents/PlugIns/YapYapTests.xctest/Contents/MacOS/YapYapTests normal (in target 'YapYapTests' from project 'YapYap')
    cd /Users/sandeep/Projects/yapyap/YapYap
    /Applications/Xcode.app/Contents/Developer/Toolchains/XcodeDefault.xctoolchain/usr/bin/clang -Xlinker -reproducible -target arm64-apple-macos14.0 -bundle -isysroot /Applications/Xcode.app/Contents/Developer/Platforms/MacOSX.platform/Developer/SDKs/MacOSX26.2.sdk -O0 -L/Users/sandeep/Library/Developer/Xcode/DerivedData/YapYap-fgocbvsmqtadmncqpdsycxzkwxrc/Build/Intermediates.noindex/EagerLinkingTBDs/Debug -L/Users/sandeep/Library/Developer/Xcode/DerivedData/YapYap-fgocbvsmqtadmncqpdsycxzkwxrc/Build/Products/Debug -L/Applications/Xcode.app/Contents/Developer/Platforms/MacOSX.platform/Developer/usr/lib -F/Users/sandeep/Library/Developer/Xcode/DerivedData/YapYap-fgocbvsmqtadmncqpdsycxzkwxrc/Build/Intermediates.noindex/EagerLinkingTBDs/Debug -F/Users/sandeep/Library/Developer/Xcode/DerivedData/YapYap-fgocbvsmqtadmncqpdsycxzkwxrc/Build/Products/Debug/PackageFrameworks -F/Users/sandeep/Library/Developer/Xcode/DerivedData/YapYap-fgocbvsmqtadmncqpdsycxzkwxrc/Build/Products/Debug/PackageFrameworks -F/Users/sandeep/Library/Developer/Xcode/DerivedData/YapYap-fgocbvsmqtadmncqpdsycxzkwxrc/Build/Products/Debug/PackageFrameworks -F/Users/sandeep/Library/Developer/Xcode/DerivedData/YapYap-fgocbvsmqtadmncqpdsycxzkwxrc/Build/Products/Debug/PackageFrameworks -F/Users/sandeep/Library/Developer/Xcode/DerivedData/YapYap-fgocbvsmqtadmncqpdsycxzkwxrc/Build/Products/Debug/PackageFrameworks -F/Users/sandeep/Library/Developer/Xcode/DerivedData/YapYap-fgocbvsmqtadmncqpdsycxzkwxrc/Build/Products/Debug/PackageFrameworks -F/Users/sandeep/Library/Developer/Xcode/DerivedData/YapYap-fgocbvsmqtadmncqpdsycxzkwxrc/Build/Products/Debug/PackageFrameworks -F/Users/sandeep/Library/Developer/Xcode/DerivedData/YapYap-fgocbvsmqtadmncqpdsycxzkwxrc/Build/Products/Debug/PackageFrameworks -F/Users/sandeep/Library/Developer/Xcode/DerivedData/YapYap-fgocbvsmqtadmncqpdsycxzkwxrc/Build/Products/Debug/PackageFrameworks -F/Users/sandeep/Library/Developer/Xcode/DerivedData/YapYap-fgocbvsmqtadmncqpdsycxzkwxrc/Build/Products/Debug/PackageFrameworks -F/Users/sandeep/Library/Developer/Xcode/DerivedData/YapYap-fgocbvsmqtadmncqpdsycxzkwxrc/Build/Products/Debug/PackageFrameworks -F/Users/sandeep/Library/Developer/Xcode/DerivedData/YapYap-fgocbvsmqtadmncqpdsycxzkwxrc/Build/Products/Debug/PackageFrameworks -F/Users/sandeep/Library/Developer/Xcode/DerivedData/YapYap-fgocbvsmqtadmncqpdsycxzkwxrc/Build/Products/Debug/PackageFrameworks -F/Users/sandeep/Library/Developer/Xcode/DerivedData/YapYap-fgocbvsmqtadmncqpdsycxzkwxrc/Build/Products/Debug/PackageFrameworks -F/Users/sandeep/Library/Developer/Xcode/DerivedData/YapYap-fgocbvsmqtadmncqpdsycxzkwxrc/Build/Products/Debug/PackageFrameworks -F/Users/sandeep/Library/Developer/Xcode/DerivedData/YapYap-fgocbvsmqtadmncqpdsycxzkwxrc/Build/Products/Debug/PackageFrameworks -F/Users/sandeep/Library/Developer/Xcode/DerivedData/YapYap-fgocbvsmqtadmncqpdsycxzkwxrc/Build/Products/Debug/PackageFrameworks -F/Users/sandeep/Library/Developer/Xcode/DerivedData/YapYap-fgocbvsmqtadmncqpdsycxzkwxrc/Build/Products/Debug/PackageFrameworks -F/Users/sandeep/Library/Developer/Xcode/DerivedData/YapYap-fgocbvsmqtadmncqpdsycxzkwxrc/Build/Products/Debug/PackageFrameworks -F/Users/sandeep/Library/Developer/Xcode/DerivedData/YapYap-fgocbvsmqtadmncqpdsycxzkwxrc/Build/Products/Debug/PackageFrameworks -F/Users/sandeep/Library/Developer/Xcode/DerivedData/YapYap-fgocbvsmqtadmncqpdsycxzkwxrc/Build/Products/Debug/PackageFrameworks -F/Users/sandeep/Library/Developer/Xcode/DerivedData/YapYap-fgocbvsmqtadmncqpdsycxzkwxrc/Build/Products/Debug/PackageFrameworks -F/Users/sandeep/Library/Developer/Xcode/DerivedData/YapYap-fgocbvsmqtadmncqpdsycxzkwxrc/Build/Products/Debug/PackageFrameworks -F/Users/sandeep/Library/Developer/Xcode/DerivedData/YapYap-fgocbvsmqtadmncqpdsycxzkwxrc/Build/Products/Debug/PackageFrameworks -F/Users/sandeep/Library/Developer/Xcode/DerivedData/YapYap-fgocbvsmqtadmncqpdsycxzkwxrc/Build/Products/Debug/PackageFrameworks -F/Users/sandeep/Library/Developer/Xcode/DerivedData/YapYap-fgocbvsmqtadmncqpdsycxzkwxrc/Build/Products/Debug/PackageFrameworks -F/Users/sandeep/Library/Developer/Xcode/DerivedData/YapYap-fgocbvsmqtadmncqpdsycxzkwxrc/Build/Products/Debug -iframework /Applications/Xcode.app/Contents/Developer/Platforms/MacOSX.platform/Developer/Library/Frameworks -filelist /Users/sandeep/Library/Developer/Xcode/DerivedData/YapYap-fgocbvsmqtadmncqpdsycxzkwxrc/Build/Intermediates.noindex/YapYap.build/Debug/YapYapTests.build/Objects-normal/arm64/YapYapTests.LinkFileList -Xlinker -rpath -Xlinker /usr/lib/swift -Xlinker -rpath -Xlinker /Users/sandeep/Library/Developer/Xcode/DerivedData/YapYap-fgocbvsmqtadmncqpdsycxzkwxrc/Build/Products/Debug/PackageFrameworks -Xlinker -rpath -Xlinker @loader_path/../Frameworks -Xlinker -rpath -Xlinker @executable_path/../Frameworks -bundle_loader /Users/sandeep/Library/Developer/Xcode/DerivedData/YapYap-fgocbvsmqtadmncqpdsycxzkwxrc/Build/Products/Debug/YapYap.app/Contents/MacOS/YapYap -Xlinker -object_path_lto -Xlinker /Users/sandeep/Library/Developer/Xcode/DerivedData/YapYap-fgocbvsmqtadmncqpdsycxzkwxrc/Build/Intermediates.noindex/YapYap.build/Debug/YapYapTests.build/Objects-normal/arm64/YapYapTests_lto.o -rdynamic -Xlinker -no_deduplicate -Xlinker -debug_variant -Xlinker -dependency_info -Xlinker /Users/sandeep/Library/Developer/Xcode/DerivedData/YapYap-fgocbvsmqtadmncqpdsycxzkwxrc/Build/Intermediates.noindex/YapYap.build/Debug/YapYapTests.build/Objects-normal/arm64/YapYapTests_dependency_info.dat -fobjc-link-runtime -fprofile-instr-generate -L/Applications/Xcode.app/Contents/Developer/Toolchains/XcodeDefault.xctoolchain/usr/lib/swift/macosx -L/usr/lib/swift -Xlinker -add_ast_path -Xlinker /Users/sandeep/Library/Developer/Xcode/DerivedData/YapYap-fgocbvsmqtadmncqpdsycxzkwxrc/Build/Intermediates.noindex/YapYap.build/Debug/YapYapTests.build/Objects-normal/arm64/YapYapTests.swiftmodule @/Users/sandeep/Library/Developer/Xcode/DerivedData/YapYap-fgocbvsmqtadmncqpdsycxzkwxrc/Build/Intermediates.noindex/YapYap.build/Debug/YapYapTests.build/Objects-normal/arm64/YapYapTests-linker-args.resp -Wl,-no_warn_duplicate_libraries -Wl,-no_warn_duplicate_libraries -lc++ -Wl,-no_warn_duplicate_libraries -Wl,-no_warn_duplicate_libraries -Wl,-no_warn_duplicate_libraries -Wl,-no_warn_duplicate_libraries -Wl,-no_warn_duplicate_libraries -Wl,-no_warn_duplicate_libraries -Wl,-no_warn_duplicate_libraries -Wl,-no_warn_duplicate_libraries -Wl,-no_warn_duplicate_libraries -lc++ -Wl,-no_warn_duplicate_libraries -Wl,-no_warn_duplicate_libraries -Wl,-no_warn_duplicate_libraries -Wl,-no_warn_duplicate_libraries -Wl,-no_warn_duplicate_libraries -Wl,-no_warn_duplicate_libraries -Wl,-no_warn_duplicate_libraries -Wl,-no_warn_duplicate_libraries -Wl,-no_warn_duplicate_libraries -Wl,-no_warn_duplicate_libraries -Wl,-no_warn_duplicate_libraries -Wl,-no_warn_duplicate_libraries -Wl,-no_warn_duplicate_libraries -Wl,-no_warn_duplicate_libraries -Wl,-no_warn_duplicate_libraries -framework Foundation -framework Metal -framework Accelerate -Xlinker -needed_framework -Xlinker XCTest -framework XCTest -Xlinker -needed-lXCTestSwiftSupport -lXCTestSwiftSupport /Users/sandeep/Library/Developer/Xcode/DerivedData/YapYap-fgocbvsmqtadmncqpdsycxzkwxrc/Build/Products/Debug/YapYap.app/Contents/MacOS/YapYap.debug.dylib -Xlinker -no_adhoc_codesign -o /Users/sandeep/Library/Developer/Xcode/DerivedData/YapYap-fgocbvsmqtadmncqpdsycxzkwxrc/Build/Products/Debug/YapYap.app/Contents/PlugIns/YapYapTests.xctest/Contents/MacOS/YapYapTests

CopySwiftLibs /Users/sandeep/Library/Developer/Xcode/DerivedData/YapYap-fgocbvsmqtadmncqpdsycxzkwxrc/Build/Products/Debug/YapYap.app/Contents/PlugIns/YapYapTests.xctest (in target 'YapYapTests' from project 'YapYap')
    cd /Users/sandeep/Projects/yapyap/YapYap
    builtin-swiftStdLibTool --copy --verbose --sign - --scan-executable /Users/sandeep/Library/Developer/Xcode/DerivedData/YapYap-fgocbvsmqtadmncqpdsycxzkwxrc/Build/Products/Debug/YapYap.app/Contents/PlugIns/YapYapTests.xctest/Contents/MacOS/YapYapTests --scan-folder /Users/sandeep/Library/Developer/Xcode/DerivedData/YapYap-fgocbvsmqtadmncqpdsycxzkwxrc/Build/Products/Debug/YapYap.app/Contents/PlugIns/YapYapTests.xctest/Contents/Frameworks --scan-folder /Users/sandeep/Library/Developer/Xcode/DerivedData/YapYap-fgocbvsmqtadmncqpdsycxzkwxrc/Build/Products/Debug/YapYap.app/Contents/PlugIns/YapYapTests.xctest/Contents/PlugIns --scan-folder /Users/sandeep/Library/Developer/Xcode/DerivedData/YapYap-fgocbvsmqtadmncqpdsycxzkwxrc/Build/Products/Debug/YapYap.app/Contents/PlugIns/YapYapTests.xctest/Contents/Library/SystemExtensions --scan-folder /Users/sandeep/Library/Developer/Xcode/DerivedData/YapYap-fgocbvsmqtadmncqpdsycxzkwxrc/Build/Products/Debug/YapYap.app/Contents/PlugIns/YapYapTests.xctest/Contents/Extensions --platform macosx --toolchain /var/run/com.apple.security.cryptexd/mnt/com.apple.MobileAsset.MetalToolchain-v17.3.48.0.JI66Lc/Metal.xctoolchain --toolchain /Applications/Xcode.app/Contents/Developer/Toolchains/XcodeDefault.xctoolchain --destination /Users/sandeep/Library/Developer/Xcode/DerivedData/YapYap-fgocbvsmqtadmncqpdsycxzkwxrc/Build/Products/Debug/YapYap.app/Contents/PlugIns/YapYapTests.xctest/Contents/Frameworks --strip-bitcode --scan-executable /Applications/Xcode.app/Contents/Developer/Platforms/MacOSX.platform/Developer/usr/lib/libXCTestSwiftSupport.dylib --strip-bitcode-tool /Applications/Xcode.app/Contents/Developer/Toolchains/XcodeDefault.xctoolchain/usr/bin/bitcode_strip --emit-dependency-info /Users/sandeep/Library/Developer/Xcode/DerivedData/YapYap-fgocbvsmqtadmncqpdsycxzkwxrc/Build/Intermediates.noindex/YapYap.build/Debug/YapYapTests.build/SwiftStdLibToolInputDependencies.dep --filter-for-swift-os --back-deploy-swift-span

ExtractAppIntentsMetadata (in target 'YapYapTests' from project 'YapYap')
    cd /Users/sandeep/Projects/yapyap/YapYap
    /Applications/Xcode.app/Contents/Developer/Toolchains/XcodeDefault.xctoolchain/usr/bin/appintentsmetadataprocessor --toolchain-dir /var/run/com.apple.security.cryptexd/mnt/com.apple.MobileAsset.MetalToolchain-v17.3.48.0.JI66Lc/Metal.xctoolchain --module-name YapYapTests --sdk-root /Applications/Xcode.app/Contents/Developer/Platforms/MacOSX.platform/Developer/SDKs/MacOSX26.2.sdk --xcode-version 17C52 --platform-family macOS --deployment-target 14.0 --bundle-identifier dev.yapyap.app.tests --output /Users/sandeep/Library/Developer/Xcode/DerivedData/YapYap-fgocbvsmqtadmncqpdsycxzkwxrc/Build/Products/Debug/YapYap.app/Contents/PlugIns/YapYapTests.xctest/Contents/Resources --target-triple arm64-apple-macos14.0 --binary-file /Users/sandeep/Library/Developer/Xcode/DerivedData/YapYap-fgocbvsmqtadmncqpdsycxzkwxrc/Build/Products/Debug/YapYap.app/Contents/PlugIns/YapYapTests.xctest/Contents/MacOS/YapYapTests --dependency-file /Users/sandeep/Library/Developer/Xcode/DerivedData/YapYap-fgocbvsmqtadmncqpdsycxzkwxrc/Build/Intermediates.noindex/YapYap.build/Debug/YapYapTests.build/Objects-normal/arm64/YapYapTests_dependency_info.dat --stringsdata-file /Users/sandeep/Library/Developer/Xcode/DerivedData/YapYap-fgocbvsmqtadmncqpdsycxzkwxrc/Build/Intermediates.noindex/YapYap.build/Debug/YapYapTests.build/Objects-normal/arm64/ExtractedAppShortcutsMetadata.stringsdata --source-file-list /Users/sandeep/Library/Developer/Xcode/DerivedData/YapYap-fgocbvsmqtadmncqpdsycxzkwxrc/Build/Intermediates.noindex/YapYap.build/Debug/YapYapTests.build/Objects-normal/arm64/YapYapTests.SwiftFileList --metadata-file-list /Users/sandeep/Library/Developer/Xcode/DerivedData/YapYap-fgocbvsmqtadmncqpdsycxzkwxrc/Build/Intermediates.noindex/YapYap.build/Debug/YapYapTests.build/YapYapTests.DependencyMetadataFileList --static-metadata-file-list /Users/sandeep/Library/Developer/Xcode/DerivedData/YapYap-fgocbvsmqtadmncqpdsycxzkwxrc/Build/Intermediates.noindex/YapYap.build/Debug/YapYapTests.build/YapYapTests.DependencyStaticMetadataFileList --swift-const-vals-list /Users/sandeep/Library/Developer/Xcode/DerivedData/YapYap-fgocbvsmqtadmncqpdsycxzkwxrc/Build/Intermediates.noindex/YapYap.build/Debug/YapYapTests.build/Objects-normal/arm64/YapYapTests.SwiftConstValuesFileList --compile-time-extraction --deployment-aware-processing --validate-assistant-intents --no-app-shortcuts-localization
2026-02-13 12:00:00.037 appintentsmetadataprocessor[47862:667778] Starting appintentsmetadataprocessor export
2026-02-13 12:00:00.040 appintentsmetadataprocessor[47862:667778] warning: Metadata extraction skipped. No AppIntents.framework dependency found.

CodeSign /Users/sandeep/Library/Developer/Xcode/DerivedData/YapYap-fgocbvsmqtadmncqpdsycxzkwxrc/Build/Products/Debug/YapYap.app/Contents/PlugIns/YapYapTests.xctest (in target 'YapYapTests' from project 'YapYap')
    cd /Users/sandeep/Projects/yapyap/YapYap
    
    Signing Identity:     "Sign to Run Locally"
    
    /usr/bin/codesign --force --sign - --timestamp\=none --generate-entitlement-der /Users/sandeep/Library/Developer/Xcode/DerivedData/YapYap-fgocbvsmqtadmncqpdsycxzkwxrc/Build/Products/Debug/YapYap.app/Contents/PlugIns/YapYapTests.xctest

RegisterExecutionPolicyException /Users/sandeep/Library/Developer/Xcode/DerivedData/YapYap-fgocbvsmqtadmncqpdsycxzkwxrc/Build/Products/Debug/YapYap.app/Contents/PlugIns/YapYapTests.xctest (in target 'YapYapTests' from project 'YapYap')
    cd /Users/sandeep/Projects/yapyap/YapYap
    builtin-RegisterExecutionPolicyException /Users/sandeep/Library/Developer/Xcode/DerivedData/YapYap-fgocbvsmqtadmncqpdsycxzkwxrc/Build/Products/Debug/YapYap.app/Contents/PlugIns/YapYapTests.xctest

Touch /Users/sandeep/Library/Developer/Xcode/DerivedData/YapYap-fgocbvsmqtadmncqpdsycxzkwxrc/Build/Products/Debug/YapYap.app/Contents/PlugIns/YapYapTests.xctest (in target 'YapYapTests' from project 'YapYap')
    cd /Users/sandeep/Projects/yapyap/YapYap
    /usr/bin/touch -c /Users/sandeep/Library/Developer/Xcode/DerivedData/YapYap-fgocbvsmqtadmncqpdsycxzkwxrc/Build/Products/Debug/YapYap.app/Contents/PlugIns/YapYapTests.xctest

CodeSign /Users/sandeep/Library/Developer/Xcode/DerivedData/YapYap-fgocbvsmqtadmncqpdsycxzkwxrc/Build/Products/Debug/YapYap.app/Contents/MacOS/YapYap.debug.dylib (in target 'YapYap' from project 'YapYap')
    cd /Users/sandeep/Projects/yapyap/YapYap
    
    Signing Identity:     "Sign to Run Locally"
    
    /usr/bin/codesign --force --sign - --timestamp\=none --generate-entitlement-der /Users/sandeep/Library/Developer/Xcode/DerivedData/YapYap-fgocbvsmqtadmncqpdsycxzkwxrc/Build/Products/Debug/YapYap.app/Contents/MacOS/YapYap.debug.dylib
/Users/sandeep/Library/Developer/Xcode/DerivedData/YapYap-fgocbvsmqtadmncqpdsycxzkwxrc/Build/Products/Debug/YapYap.app/Contents/MacOS/YapYap.debug.dylib: replacing existing signature

CodeSign /Users/sandeep/Library/Developer/Xcode/DerivedData/YapYap-fgocbvsmqtadmncqpdsycxzkwxrc/Build/Products/Debug/YapYap.app/Contents/MacOS/__preview.dylib (in target 'YapYap' from project 'YapYap')
    cd /Users/sandeep/Projects/yapyap/YapYap
    
    Signing Identity:     "Sign to Run Locally"
    
    /usr/bin/codesign --force --sign - --timestamp\=none --generate-entitlement-der /Users/sandeep/Library/Developer/Xcode/DerivedData/YapYap-fgocbvsmqtadmncqpdsycxzkwxrc/Build/Products/Debug/YapYap.app/Contents/MacOS/__preview.dylib
/Users/sandeep/Library/Developer/Xcode/DerivedData/YapYap-fgocbvsmqtadmncqpdsycxzkwxrc/Build/Products/Debug/YapYap.app/Contents/MacOS/__preview.dylib: replacing existing signature

CodeSign /Users/sandeep/Library/Developer/Xcode/DerivedData/YapYap-fgocbvsmqtadmncqpdsycxzkwxrc/Build/Products/Debug/YapYap.app (in target 'YapYap' from project 'YapYap')
    cd /Users/sandeep/Projects/yapyap/YapYap
    
    Signing Identity:     "Sign to Run Locally"
    
    /usr/bin/codesign --force --sign - --entitlements /Users/sandeep/Library/Developer/Xcode/DerivedData/YapYap-fgocbvsmqtadmncqpdsycxzkwxrc/Build/Intermediates.noindex/YapYap.build/Debug/YapYap.build/YapYap.app.xcent --timestamp\=none --generate-entitlement-der /Users/sandeep/Library/Developer/Xcode/DerivedData/YapYap-fgocbvsmqtadmncqpdsycxzkwxrc/Build/Products/Debug/YapYap.app
/Users/sandeep/Library/Developer/Xcode/DerivedData/YapYap-fgocbvsmqtadmncqpdsycxzkwxrc/Build/Products/Debug/YapYap.app: replacing existing signature

Validate /Users/sandeep/Library/Developer/Xcode/DerivedData/YapYap-fgocbvsmqtadmncqpdsycxzkwxrc/Build/Products/Debug/YapYap.app (in target 'YapYap' from project 'YapYap')
    cd /Users/sandeep/Projects/yapyap/YapYap
    builtin-validationUtility /Users/sandeep/Library/Developer/Xcode/DerivedData/YapYap-fgocbvsmqtadmncqpdsycxzkwxrc/Build/Products/Debug/YapYap.app -no-validate-extension -infoplist-subpath Contents/Info.plist

RegisterWithLaunchServices /Users/sandeep/Library/Developer/Xcode/DerivedData/YapYap-fgocbvsmqtadmncqpdsycxzkwxrc/Build/Products/Debug/YapYap.app (in target 'YapYap' from project 'YapYap')
    cd /Users/sandeep/Projects/yapyap/YapYap
    /System/Library/Frameworks/CoreServices.framework/Versions/Current/Frameworks/LaunchServices.framework/Versions/Current/Support/lsregister -f -R -trusted /Users/sandeep/Library/Developer/Xcode/DerivedData/YapYap-fgocbvsmqtadmncqpdsycxzkwxrc/Build/Products/Debug/YapYap.app

note: Disabling hardened runtime with ad-hoc codesigning. (in target 'YapYap' from project 'YapYap')
2026-02-13 12:00:06.482208-0600 YapYap[47907:668194] fopen failed for data file: errno = 2 (No such file or directory)
2026-02-13 12:00:06.482226-0600 YapYap[47907:668194] Errors found! Invalidating cache...
2026-02-13 12:00:06.524922-0600 YapYap[47907:667981] [WarnOnce] It's not legal to call -layoutSubtreeIfNeeded on a view which is already being laid out.  If you are implementing the view's -layout method, you can call -[super layout] instead.  Break on void _NSDetectedLayoutRecursion(void) to debug.  This will be logged only once.  This may break in the future.
2026-02-13 12:00:06.542082-0600 YapYap[47907:668235] fopen failed for data file: errno = 2 (No such file or directory)
2026-02-13 12:00:06.542102-0600 YapYap[47907:668235] Errors found! Invalidating cache...
Test Suite 'All tests' started at 2026-02-13 12:00:07.575.
Test Suite 'YapYapTests.xctest' started at 2026-02-13 12:00:07.575.
Test Suite 'AppContextDetectorTests' started at 2026-02-13 12:00:07.575.
Test Case '-[YapYapTests.AppContextDetectorTests testAppCategoryAvailableStyles]' started.
Test Case '-[YapYapTests.AppContextDetectorTests testAppCategoryAvailableStyles]' passed (0.002 seconds).
Test Case '-[YapYapTests.AppContextDetectorTests testAppCategoryCaseCount]' started.
Test Case '-[YapYapTests.AppContextDetectorTests testAppCategoryCaseCount]' passed (0.001 seconds).
Test Case '-[YapYapTests.AppContextDetectorTests testAppCategoryDisplayNames]' started.
Test Case '-[YapYapTests.AppContextDetectorTests testAppCategoryDisplayNames]' passed (0.001 seconds).
Test Case '-[YapYapTests.AppContextDetectorTests testAppCategoryExampleApps]' started.
Test Case '-[YapYapTests.AppContextDetectorTests testAppCategoryExampleApps]' passed (0.001 seconds).
Test Case '-[YapYapTests.AppContextDetectorTests testAppCategoryIcons]' started.
Test Case '-[YapYapTests.AppContextDetectorTests testAppCategoryIcons]' passed (0.001 seconds).
Test Case '-[YapYapTests.AppContextDetectorTests testCustomStyleOverride]' started.
Test Case '-[YapYapTests.AppContextDetectorTests testCustomStyleOverride]' passed (0.001 seconds).
Test Case '-[YapYapTests.AppContextDetectorTests testDefaultStyleSettings]' started.
Test Case '-[YapYapTests.AppContextDetectorTests testDefaultStyleSettings]' passed (0.000 seconds).
Test Case '-[YapYapTests.AppContextDetectorTests testOutputStyleCaseCount]' started.
Test Case '-[YapYapTests.AppContextDetectorTests testOutputStyleCaseCount]' passed (0.001 seconds).
Test Case '-[YapYapTests.AppContextDetectorTests testOutputStyleDisplayNames]' started.
Test Case '-[YapYapTests.AppContextDetectorTests testOutputStyleDisplayNames]' passed (0.000 seconds).
Test Case '-[YapYapTests.AppContextDetectorTests testOutputStylePreviewText]' started.
Test Case '-[YapYapTests.AppContextDetectorTests testOutputStylePreviewText]' passed (0.001 seconds).
Test Case '-[YapYapTests.AppContextDetectorTests testStyleForCategory]' started.
Test Case '-[YapYapTests.AppContextDetectorTests testStyleForCategory]' passed (0.001 seconds).
Test Suite 'AppContextDetectorTests' passed at 2026-02-13 12:00:07.606.
	 Executed 11 tests, with 0 failures (0 unexpected) in 0.007 (0.030) seconds
Test Suite 'CleanupPromptBuilderTests' started at 2026-02-13 12:00:07.606.
Test Case '-[YapYapTests.CleanupPromptBuilderTests testBuildPromptContainsCleanedTextMarker]' started.
Test Case '-[YapYapTests.CleanupPromptBuilderTests testBuildPromptContainsCleanedTextMarker]' passed (0.001 seconds).
Test Case '-[YapYapTests.CleanupPromptBuilderTests testBuildPromptContainsRawText]' started.
Test Case '-[YapYapTests.CleanupPromptBuilderTests testBuildPromptContainsRawText]' passed (0.001 seconds).
Test Case '-[YapYapTests.CleanupPromptBuilderTests testBuildPromptIncludesCustomStylePrompt]' started.
Test Case '-[YapYapTests.CleanupPromptBuilderTests testBuildPromptIncludesCustomStylePrompt]' passed (0.000 seconds).
Test Case '-[YapYapTests.CleanupPromptBuilderTests testBuildPromptIncludesSystemRole]' started.
Test Case '-[YapYapTests.CleanupPromptBuilderTests testBuildPromptIncludesSystemRole]' passed (0.000 seconds).
Test Case '-[YapYapTests.CleanupPromptBuilderTests testCasualFormality]' started.
Test Case '-[YapYapTests.CleanupPromptBuilderTests testCasualFormality]' passed (0.000 seconds).
Test Case '-[YapYapTests.CleanupPromptBuilderTests testCasualStyle]' started.
Test Case '-[YapYapTests.CleanupPromptBuilderTests testCasualStyle]' passed (0.001 seconds).
Test Case '-[YapYapTests.CleanupPromptBuilderTests testCodeEditorFormatting]' started.
Test Case '-[YapYapTests.CleanupPromptBuilderTests testCodeEditorFormatting]' passed (0.001 seconds).
Test Case '-[YapYapTests.CleanupPromptBuilderTests testEmailFormatting]' started.
Test Case '-[YapYapTests.CleanupPromptBuilderTests testEmailFormatting]' passed (0.001 seconds).
Test Case '-[YapYapTests.CleanupPromptBuilderTests testExcitedStyle]' started.
Test Case '-[YapYapTests.CleanupPromptBuilderTests testExcitedStyle]' passed (0.002 seconds).
Test Case '-[YapYapTests.CleanupPromptBuilderTests testFillerRemovalHeavyLevel]' started.
Test Case '-[YapYapTests.CleanupPromptBuilderTests testFillerRemovalHeavyLevel]' passed (0.003 seconds).
Test Case '-[YapYapTests.CleanupPromptBuilderTests testFillerRemovalLightLevel]' started.
Test Case '-[YapYapTests.CleanupPromptBuilderTests testFillerRemovalLightLevel]' passed (0.011 seconds).
Test Case '-[YapYapTests.CleanupPromptBuilderTests testFillerRemovalMediumLevel]' started.
Test Case '-[YapYapTests.CleanupPromptBuilderTests testFillerRemovalMediumLevel]' passed (0.001 seconds).
Test Case '-[YapYapTests.CleanupPromptBuilderTests testFillerRemovalOff]' started.
Test Case '-[YapYapTests.CleanupPromptBuilderTests testFillerRemovalOff]' passed (0.001 seconds).
Test Case '-[YapYapTests.CleanupPromptBuilderTests testFormalFormality]' started.
Test Case '-[YapYapTests.CleanupPromptBuilderTests testFormalFormality]' passed (0.001 seconds).
Test Case '-[YapYapTests.CleanupPromptBuilderTests testFormalStyle]' started.
Test Case '-[YapYapTests.CleanupPromptBuilderTests testFormalStyle]' passed (0.000 seconds).
Test Case '-[YapYapTests.CleanupPromptBuilderTests testHeavyCleanup]' started.
Test Case '-[YapYapTests.CleanupPromptBuilderTests testHeavyCleanup]' passed (0.001 seconds).
Test Case '-[YapYapTests.CleanupPromptBuilderTests testIDEChatFormatting]' started.
Test Case '-[YapYapTests.CleanupPromptBuilderTests testIDEChatFormatting]' passed (0.001 seconds).
Test Case '-[YapYapTests.CleanupPromptBuilderTests testLightCleanup]' started.
Test Case '-[YapYapTests.CleanupPromptBuilderTests testLightCleanup]' passed (0.001 seconds).
Test Case '-[YapYapTests.CleanupPromptBuilderTests testMediumCleanup]' started.
Test Case '-[YapYapTests.CleanupPromptBuilderTests testMediumCleanup]' passed (0.001 seconds).
Test Case '-[YapYapTests.CleanupPromptBuilderTests testNeutralFormality]' started.
Test Case '-[YapYapTests.CleanupPromptBuilderTests testNeutralFormality]' passed (0.001 seconds).
Test Case '-[YapYapTests.CleanupPromptBuilderTests testPersonalMessagingFormatting]' started.
Test Case '-[YapYapTests.CleanupPromptBuilderTests testPersonalMessagingFormatting]' passed (0.000 seconds).
Test Case '-[YapYapTests.CleanupPromptBuilderTests testVeryCasualStyle]' started.
Test Case '-[YapYapTests.CleanupPromptBuilderTests testVeryCasualStyle]' passed (0.001 seconds).
Test Suite 'CleanupPromptBuilderTests' passed at 2026-02-13 12:00:07.673.
	 Executed 22 tests, with 0 failures (0 unexpected) in 0.027 (0.067) seconds
Test Suite 'CommandModeTests' started at 2026-02-13 12:00:07.682.
Test Case '-[YapYapTests.CommandModeTests testBuildPromptContainsCommand]' started.
Test Case '-[YapYapTests.CommandModeTests testBuildPromptContainsCommand]' passed (0.001 seconds).
Test Case '-[YapYapTests.CommandModeTests testBuildPromptContainsSelectedText]' started.
Test Case '-[YapYapTests.CommandModeTests testBuildPromptContainsSelectedText]' passed (0.001 seconds).
Test Case '-[YapYapTests.CommandModeTests testBuildPromptContainsTransformMarker]' started.
Test Case '-[YapYapTests.CommandModeTests testBuildPromptContainsTransformMarker]' passed (0.000 seconds).
Test Case '-[YapYapTests.CommandModeTests testCaseInsensitive]' started.
Test Case '-[YapYapTests.CommandModeTests testCaseInsensitive]' passed (0.000 seconds).
Test Case '-[YapYapTests.CommandModeTests testDetectsExpand]' started.
Test Case '-[YapYapTests.CommandModeTests testDetectsExpand]' passed (0.001 seconds).
Test Case '-[YapYapTests.CommandModeTests testDetectsFixGrammar]' started.
Test Case '-[YapYapTests.CommandModeTests testDetectsFixGrammar]' passed (0.001 seconds).
Test Case '-[YapYapTests.CommandModeTests testDetectsMakeBulletPoints]' started.
Test Case '-[YapYapTests.CommandModeTests testDetectsMakeBulletPoints]' passed (0.001 seconds).
Test Case '-[YapYapTests.CommandModeTests testDetectsMakeThis]' started.
Test Case '-[YapYapTests.CommandModeTests testDetectsMakeThis]' passed (0.001 seconds).
Test Case '-[YapYapTests.CommandModeTests testDetectsRewrite]' started.
Test Case '-[YapYapTests.CommandModeTests testDetectsRewrite]' passed (0.000 seconds).
Test Case '-[YapYapTests.CommandModeTests testDetectsShorten]' started.
Test Case '-[YapYapTests.CommandModeTests testDetectsShorten]' passed (0.000 seconds).
Test Case '-[YapYapTests.CommandModeTests testDetectsSimplify]' started.
Test Case '-[YapYapTests.CommandModeTests testDetectsSimplify]' passed (0.000 seconds).
Test Case '-[YapYapTests.CommandModeTests testDetectsSummarize]' started.
Test Case '-[YapYapTests.CommandModeTests testDetectsSummarize]' passed (0.000 seconds).
Test Case '-[YapYapTests.CommandModeTests testDetectsTranslate]' started.
Test Case '-[YapYapTests.CommandModeTests testDetectsTranslate]' passed (0.001 seconds).
Test Case '-[YapYapTests.CommandModeTests testDictationNotCommand]' started.
Test Case '-[YapYapTests.CommandModeTests testDictationNotCommand]' passed (0.001 seconds).
Test Case '-[YapYapTests.CommandModeTests testPartialMatchNotCommand]' started.
Test Case '-[YapYapTests.CommandModeTests testPartialMatchNotCommand]' passed (0.001 seconds).
Test Case '-[YapYapTests.CommandModeTests testRegularTextNotCommand]' started.
Test Case '-[YapYapTests.CommandModeTests testRegularTextNotCommand]' passed (0.000 seconds).
Test Case '-[YapYapTests.CommandModeTests testTrimsWhitespace]' started.
Test Case '-[YapYapTests.CommandModeTests testTrimsWhitespace]' passed (0.001 seconds).
Test Suite 'CommandModeTests' passed at 2026-02-13 12:00:07.706.
	 Executed 17 tests, with 0 failures (0 unexpected) in 0.009 (0.024) seconds
Test Suite 'DataModelTests' started at 2026-02-13 12:00:07.711.
Test Case '-[YapYapTests.DataModelTests testAppSettingsDefaults]' started.
/Users/sandeep/Projects/yapyap/YapYap/YapYapTests/DataModelTests.swift:14: error: -[YapYapTests.DataModelTests testAppSettingsDefaults] : XCTAssertEqual failed: ("casual") is not equal to ("neutral")
/Users/sandeep/Projects/yapyap/YapYap/YapYapTests/DataModelTests.swift:17: error: -[YapYapTests.DataModelTests testAppSettingsDefaults] : XCTAssertTrue failed
/Users/sandeep/Projects/yapyap/YapYap/YapYapTests/DataModelTests.swift:20: error: -[YapYapTests.DataModelTests testAppSettingsDefaults] : XCTAssertTrue failed
/Users/sandeep/Projects/yapyap/YapYap/YapYapTests/DataModelTests.swift:25: error: -[YapYapTests.DataModelTests testAppSettingsDefaults] : XCTAssertTrue failed
Test Case '-[YapYapTests.DataModelTests testAppSettingsDefaults]' failed (0.118 seconds).
Test Case '-[YapYapTests.DataModelTests testCustomDictionaryEntry]' started.
Test Case '-[YapYapTests.DataModelTests testCustomDictionaryEntry]' passed (0.001 seconds).
Test Case '-[YapYapTests.DataModelTests testDailyStatsInit]' started.
Test Case '-[YapYapTests.DataModelTests testDailyStatsInit]' passed (0.001 seconds).
Test Case '-[YapYapTests.DataModelTests testPowerModeRuleInit]' started.
Test Case '-[YapYapTests.DataModelTests testPowerModeRuleInit]' passed (0.001 seconds).
Test Case '-[YapYapTests.DataModelTests testTranscriptionInit]' started.
Test Case '-[YapYapTests.DataModelTests testTranscriptionInit]' passed (0.001 seconds).
Test Suite 'DataModelTests' failed at 2026-02-13 12:00:07.834.
	 Executed 5 tests, with 4 failures (0 unexpected) in 0.121 (0.122) seconds
Test Suite 'DesignTokensTests' started at 2026-02-13 12:00:07.834.
Test Case '-[YapYapTests.DesignTokensTests testAccentColorsExist]' started.
Test Case '-[YapYapTests.DesignTokensTests testAccentColorsExist]' passed (0.000 seconds).
Test Case '-[YapYapTests.DesignTokensTests testCreatureStateEnum]' started.
Test Case '-[YapYapTests.DesignTokensTests testCreatureStateEnum]' passed (0.001 seconds).
Test Case '-[YapYapTests.DesignTokensTests testFloatingBarPositionCases]' started.
Test Case '-[YapYapTests.DesignTokensTests testFloatingBarPositionCases]' passed (0.001 seconds).
Test Case '-[YapYapTests.DesignTokensTests testFloatingBarPositionDisplayNames]' started.
Test Case '-[YapYapTests.DesignTokensTests testFloatingBarPositionDisplayNames]' passed (0.000 seconds).
Test Case '-[YapYapTests.DesignTokensTests testPrimaryColorsExist]' started.
Test Case '-[YapYapTests.DesignTokensTests testPrimaryColorsExist]' passed (0.000 seconds).
Test Case '-[YapYapTests.DesignTokensTests testTextColorsExist]' started.
Test Case '-[YapYapTests.DesignTokensTests testTextColorsExist]' passed (0.000 seconds).
Test Suite 'DesignTokensTests' passed at 2026-02-13 12:00:07.840.
	 Executed 6 tests, with 0 failures (0 unexpected) in 0.003 (0.007) seconds
Test Suite 'FillerFilterTests' started at 2026-02-13 12:00:07.843.
Test Case '-[YapYapTests.FillerFilterTests testAggressiveRemovesBasically]' started.
Test Case '-[YapYapTests.FillerFilterTests testAggressiveRemovesBasically]' passed (0.001 seconds).
Test Case '-[YapYapTests.FillerFilterTests testAggressiveRemovesIMean]' started.
Test Case '-[YapYapTests.FillerFilterTests testAggressiveRemovesIMean]' passed (0.001 seconds).
Test Case '-[YapYapTests.FillerFilterTests testAggressiveRemovesLiterally]' started.
Test Case '-[YapYapTests.FillerFilterTests testAggressiveRemovesLiterally]' passed (0.001 seconds).
Test Case '-[YapYapTests.FillerFilterTests testAggressiveRemovesSortOf]' started.
Test Case '-[YapYapTests.FillerFilterTests testAggressiveRemovesSortOf]' passed (0.001 seconds).
Test Case '-[YapYapTests.FillerFilterTests testAggressiveRemovesYouKnow]' started.
Test Case '-[YapYapTests.FillerFilterTests testAggressiveRemovesYouKnow]' passed (0.001 seconds).
Test Case '-[YapYapTests.FillerFilterTests testCaseInsensitive]' started.
Test Case '-[YapYapTests.FillerFilterTests testCaseInsensitive]' passed (0.001 seconds).
Test Case '-[YapYapTests.FillerFilterTests testCleansUpDoubleSpaces]' started.
Test Case '-[YapYapTests.FillerFilterTests testCleansUpDoubleSpaces]' passed (0.001 seconds).
Test Case '-[YapYapTests.FillerFilterTests testEmptyString]' started.
Test Case '-[YapYapTests.FillerFilterTests testEmptyString]' passed (0.000 seconds).
Test Case '-[YapYapTests.FillerFilterTests testNonAggressiveKeepsBasically]' started.
Test Case '-[YapYapTests.FillerFilterTests testNonAggressiveKeepsBasically]' passed (0.000 seconds).
Test Case '-[YapYapTests.FillerFilterTests testNonAggressiveKeepsYouKnow]' started.
Test Case '-[YapYapTests.FillerFilterTests testNonAggressiveKeepsYouKnow]' passed (0.001 seconds).
Test Case '-[YapYapTests.FillerFilterTests testPreservesHummer]' started.
Test Case '-[YapYapTests.FillerFilterTests testPreservesHummer]' passed (0.002 seconds).
Test Case '-[YapYapTests.FillerFilterTests testPreservesUmber]' started.
Test Case '-[YapYapTests.FillerFilterTests testPreservesUmber]' passed (0.001 seconds).
Test Case '-[YapYapTests.FillerFilterTests testPreservesUmbrella]' started.
Test Case '-[YapYapTests.FillerFilterTests testPreservesUmbrella]' passed (0.000 seconds).
Test Case '-[YapYapTests.FillerFilterTests testRemovesAh]' started.
Test Case '-[YapYapTests.FillerFilterTests testRemovesAh]' passed (0.000 seconds).
Test Case '-[YapYapTests.FillerFilterTests testRemovesEr]' started.
Test Case '-[YapYapTests.FillerFilterTests testRemovesEr]' passed (0.001 seconds).
Test Case '-[YapYapTests.FillerFilterTests testRemovesHesitationsWithCommas]' started.
Test Case '-[YapYapTests.FillerFilterTests testRemovesHesitationsWithCommas]' passed (0.000 seconds).
Test Case '-[YapYapTests.FillerFilterTests testRemovesHesitationsWithPeriods]' started.
Test Case '-[YapYapTests.FillerFilterTests testRemovesHesitationsWithPeriods]' passed (0.003 seconds).
Test Case '-[YapYapTests.FillerFilterTests testRemovesHmm]' started.
Test Case '-[YapYapTests.FillerFilterTests testRemovesHmm]' passed (0.001 seconds).
Test Case '-[YapYapTests.FillerFilterTests testRemovesMultipleHesitations]' started.
Test Case '-[YapYapTests.FillerFilterTests testRemovesMultipleHesitations]' passed (0.000 seconds).
Test Case '-[YapYapTests.FillerFilterTests testRemovesUh]' started.
Test Case '-[YapYapTests.FillerFilterTests testRemovesUh]' passed (0.000 seconds).
Test Case '-[YapYapTests.FillerFilterTests testRemovesUm]' started.
Test Case '-[YapYapTests.FillerFilterTests testRemovesUm]' passed (0.000 seconds).
Test Case '-[YapYapTests.FillerFilterTests testStringWithOnlyFillers]' started.
Test Case '-[YapYapTests.FillerFilterTests testStringWithOnlyFillers]' passed (0.000 seconds).
Test Case '-[YapYapTests.FillerFilterTests testTrimsWhitespace]' started.
Test Case '-[YapYapTests.FillerFilterTests testTrimsWhitespace]' passed (0.004 seconds).
Test Suite 'FillerFilterTests' passed at 2026-02-13 12:00:07.871.
	 Executed 23 tests, with 0 failures (0 unexpected) in 0.020 (0.027) seconds
Test Suite 'ModelRegistryTests' started at 2026-02-13 12:00:07.871.
Test Case '-[YapYapTests.ModelRegistryTests testLLMModelCount]' started.
Test Case '-[YapYapTests.ModelRegistryTests testLLMModelCount]' passed (0.001 seconds).
Test Case '-[YapYapTests.ModelRegistryTests testLLMModelHuggingFaceIds]' started.
Test Case '-[YapYapTests.ModelRegistryTests testLLMModelHuggingFaceIds]' passed (0.001 seconds).
Test Case '-[YapYapTests.ModelRegistryTests testLLMModelLookup]' started.
Test Case '-[YapYapTests.ModelRegistryTests testLLMModelLookup]' passed (0.001 seconds).
Test Case '-[YapYapTests.ModelRegistryTests testLLMModelLookupInvalid]' started.
Test Case '-[YapYapTests.ModelRegistryTests testLLMModelLookupInvalid]' passed (0.001 seconds).
Test Case '-[YapYapTests.ModelRegistryTests testLLMModelLookupLlama]' started.
Test Case '-[YapYapTests.ModelRegistryTests testLLMModelLookupLlama]' passed (0.001 seconds).
Test Case '-[YapYapTests.ModelRegistryTests testLLMModelSizesPositive]' started.
Test Case '-[YapYapTests.ModelRegistryTests testLLMModelSizesPositive]' passed (0.001 seconds).
Test Case '-[YapYapTests.ModelRegistryTests testLLMModelsNotEmpty]' started.
Test Case '-[YapYapTests.ModelRegistryTests testLLMModelsNotEmpty]' passed (0.001 seconds).
Test Case '-[YapYapTests.ModelRegistryTests testLLMModelUniqueIds]' started.
Test Case '-[YapYapTests.ModelRegistryTests testLLMModelUniqueIds]' passed (0.001 seconds).
Test Case '-[YapYapTests.ModelRegistryTests testLLMRecommendedModel]' started.
Test Case '-[YapYapTests.ModelRegistryTests testLLMRecommendedModel]' passed (0.001 seconds).
Test Case '-[YapYapTests.ModelRegistryTests testSTTModelCount]' started.
Test Case '-[YapYapTests.ModelRegistryTests testSTTModelCount]' passed (0.001 seconds).
Test Case '-[YapYapTests.ModelRegistryTests testSTTModelLanguagesNotEmpty]' started.
Test Case '-[YapYapTests.ModelRegistryTests testSTTModelLanguagesNotEmpty]' passed (0.000 seconds).
Test Case '-[YapYapTests.ModelRegistryTests testSTTModelLookup]' started.
Test Case '-[YapYapTests.ModelRegistryTests testSTTModelLookup]' passed (0.001 seconds).
Test Case '-[YapYapTests.ModelRegistryTests testSTTModelLookupInvalid]' started.
Test Case '-[YapYapTests.ModelRegistryTests testSTTModelLookupInvalid]' passed (0.001 seconds).
Test Case '-[YapYapTests.ModelRegistryTests testSTTModelLookupParakeet]' started.
Test Case '-[YapYapTests.ModelRegistryTests testSTTModelLookupParakeet]' passed (0.001 seconds).
Test Case '-[YapYapTests.ModelRegistryTests testSTTModelLookupVoxtral]' started.
Test Case '-[YapYapTests.ModelRegistryTests testSTTModelLookupVoxtral]' passed (0.003 seconds).
Test Case '-[YapYapTests.ModelRegistryTests testSTTModelSizesPositive]' started.
Test Case '-[YapYapTests.ModelRegistryTests testSTTModelSizesPositive]' passed (0.000 seconds).
Test Case '-[YapYapTests.ModelRegistryTests testSTTModelsNotEmpty]' started.
Test Case '-[YapYapTests.ModelRegistryTests testSTTModelsNotEmpty]' passed (0.001 seconds).
Test Case '-[YapYapTests.ModelRegistryTests testSTTModelUniqueIds]' started.
Test Case '-[YapYapTests.ModelRegistryTests testSTTModelUniqueIds]' passed (0.001 seconds).
Test Case '-[YapYapTests.ModelRegistryTests testSTTRecommendedModel]' started.
Test Case '-[YapYapTests.ModelRegistryTests testSTTRecommendedModel]' passed (0.000 seconds).
Test Suite 'ModelRegistryTests' passed at 2026-02-13 12:00:07.894.
	 Executed 19 tests, with 0 failures (0 unexpected) in 0.014 (0.024) seconds
Test Suite 'OutputFormatterTests' started at 2026-02-13 12:00:07.895.
Test Case '-[YapYapTests.OutputFormatterTests testDoesNotDoubleWrapBackticks]' started.
Test Case '-[YapYapTests.OutputFormatterTests testDoesNotDoubleWrapBackticks]' passed (0.001 seconds).
Test Case '-[YapYapTests.OutputFormatterTests testDoesNotWrapNormalWords]' started.
Test Case '-[YapYapTests.OutputFormatterTests testDoesNotWrapNormalWords]' passed (0.001 seconds).
Test Case '-[YapYapTests.OutputFormatterTests testFileTaggingBasic]' started.
Test Case '-[YapYapTests.OutputFormatterTests testFileTaggingBasic]' passed (0.001 seconds).
Test Case '-[YapYapTests.OutputFormatterTests testFileTaggingIgnoresNonCodeExtensions]' started.
Test Case '-[YapYapTests.OutputFormatterTests testFileTaggingIgnoresNonCodeExtensions]' passed (0.001 seconds).
Test Case '-[YapYapTests.OutputFormatterTests testFileTaggingMultipleFiles]' started.
Test Case '-[YapYapTests.OutputFormatterTests testFileTaggingMultipleFiles]' passed (0.001 seconds).
Test Case '-[YapYapTests.OutputFormatterTests testFileTaggingPreservesExistingAt]' started.
Test Case '-[YapYapTests.OutputFormatterTests testFileTaggingPreservesExistingAt]' passed (0.004 seconds).
Test Case '-[YapYapTests.OutputFormatterTests testFileTaggingPython]' started.
Test Case '-[YapYapTests.OutputFormatterTests testFileTaggingPython]' passed (0.000 seconds).
Test Case '-[YapYapTests.OutputFormatterTests testFileTaggingTypeScript]' started.
Test Case '-[YapYapTests.OutputFormatterTests testFileTaggingTypeScript]' passed (0.001 seconds).
Test Case '-[YapYapTests.OutputFormatterTests testFormatForCodeEditorWrapsTokens]' started.
Test Case '-[YapYapTests.OutputFormatterTests testFormatForCodeEditorWrapsTokens]' passed (0.001 seconds).
Test Case '-[YapYapTests.OutputFormatterTests testFormatForEmailDoesNotApplyCasualFormatting]' started.
Test Case '-[YapYapTests.OutputFormatterTests testFormatForEmailDoesNotApplyCasualFormatting]' passed (0.000 seconds).
Test Case '-[YapYapTests.OutputFormatterTests testFormatForIDEChatAppliesFileTagging]' started.
Test Case '-[YapYapTests.OutputFormatterTests testFormatForIDEChatAppliesFileTagging]' passed (0.004 seconds).
Test Case '-[YapYapTests.OutputFormatterTests testFormatForVeryCasualMessaging]' started.
Test Case '-[YapYapTests.OutputFormatterTests testFormatForVeryCasualMessaging]' passed (0.001 seconds).
Test Case '-[YapYapTests.OutputFormatterTests testVeryCasualKeepsExclamation]' started.
Test Case '-[YapYapTests.OutputFormatterTests testVeryCasualKeepsExclamation]' passed (0.001 seconds).
Test Case '-[YapYapTests.OutputFormatterTests testVeryCasualKeepsQuestion]' started.
Test Case '-[YapYapTests.OutputFormatterTests testVeryCasualKeepsQuestion]' passed (0.001 seconds).
Test Case '-[YapYapTests.OutputFormatterTests testVeryCasualLowercasesFirst]' started.
Test Case '-[YapYapTests.OutputFormatterTests testVeryCasualLowercasesFirst]' passed (0.000 seconds).
Test Case '-[YapYapTests.OutputFormatterTests testVeryCasualMultipleLines]' started.
Test Case '-[YapYapTests.OutputFormatterTests testVeryCasualMultipleLines]' passed (0.000 seconds).
Test Case '-[YapYapTests.OutputFormatterTests testVeryCasualRemovesTrailingPeriod]' started.
Test Case '-[YapYapTests.OutputFormatterTests testVeryCasualRemovesTrailingPeriod]' passed (0.001 seconds).
Test Case '-[YapYapTests.OutputFormatterTests testWrappsCamelCase]' started.
Test Case '-[YapYapTests.OutputFormatterTests testWrappsCamelCase]' passed (0.001 seconds).
Test Case '-[YapYapTests.OutputFormatterTests testWrappsSnakeCase]' started.
Test Case '-[YapYapTests.OutputFormatterTests testWrappsSnakeCase]' passed (0.001 seconds).
Test Suite 'OutputFormatterTests' passed at 2026-02-13 12:00:07.924.
	 Executed 19 tests, with 0 failures (0 unexpected) in 0.017 (0.029) seconds
Test Suite 'PersonalDictionaryTests' started at 2026-02-13 12:00:07.924.
Test Case '-[YapYapTests.PersonalDictionaryTests testApplyCorrections]' started.
Test Case '-[YapYapTests.PersonalDictionaryTests testApplyCorrections]' passed (0.002 seconds).
Test Case '-[YapYapTests.PersonalDictionaryTests testCaseInsensitiveCorrection]' started.
Test Case '-[YapYapTests.PersonalDictionaryTests testCaseInsensitiveCorrection]' passed (0.003 seconds).
Test Case '-[YapYapTests.PersonalDictionaryTests testEmptyDictionary]' started.
Test Case '-[YapYapTests.PersonalDictionaryTests testEmptyDictionary]' passed (0.001 seconds).
Test Case '-[YapYapTests.PersonalDictionaryTests testLearnCorrection]' started.
Test Case '-[YapYapTests.PersonalDictionaryTests testLearnCorrection]' passed (0.001 seconds).
Test Case '-[YapYapTests.PersonalDictionaryTests testRemoveCorrection]' started.
Test Case '-[YapYapTests.PersonalDictionaryTests testRemoveCorrection]' passed (0.001 seconds).
Test Case '-[YapYapTests.PersonalDictionaryTests testWordBoundary]' started.
Test Case '-[YapYapTests.PersonalDictionaryTests testWordBoundary]' passed (0.001 seconds).
Test Suite 'PersonalDictionaryTests' passed at 2026-02-13 12:00:07.933.
	 Executed 6 tests, with 0 failures (0 unexpected) in 0.008 (0.010) seconds
Test Suite 'SnippetManagerTests' started at 2026-02-13 12:00:07.934.
Test Case '-[YapYapTests.SnippetManagerTests testAddSnippet]' started.
Test Case '-[YapYapTests.SnippetManagerTests testAddSnippet]' passed (0.003 seconds).
Test Case '-[YapYapTests.SnippetManagerTests testCaseInsensitiveMatch]' started.
Test Case '-[YapYapTests.SnippetManagerTests testCaseInsensitiveMatch]' passed (0.001 seconds).
Test Case '-[YapYapTests.SnippetManagerTests testMatchExactTrigger]' started.
Test Case '-[YapYapTests.SnippetManagerTests testMatchExactTrigger]' passed (0.001 seconds).
Test Case '-[YapYapTests.SnippetManagerTests testMatchWithInsertPrefix]' started.
Test Case '-[YapYapTests.SnippetManagerTests testMatchWithInsertPrefix]' passed (0.001 seconds).
Test Case '-[YapYapTests.SnippetManagerTests testNoMatch]' started.
Test Case '-[YapYapTests.SnippetManagerTests testNoMatch]' passed (0.001 seconds).
Test Case '-[YapYapTests.SnippetManagerTests testRemoveSnippet]' started.
/Users/sandeep/Projects/yapyap/YapYap/YapYapTests/SnippetManagerTests.swift:66: error: -[YapYapTests.SnippetManagerTests testRemoveSnippet] : XCTAssertTrue failed
Test Case '-[YapYapTests.SnippetManagerTests testRemoveSnippet]' failed (0.003 seconds).
Test Case '-[YapYapTests.SnippetManagerTests testTrimsWhitespace]' started.
Test Case '-[YapYapTests.SnippetManagerTests testTrimsWhitespace]' passed (0.001 seconds).
Test Case '-[YapYapTests.SnippetManagerTests testVoiceSnippetInit]' started.
Test Case '-[YapYapTests.SnippetManagerTests testVoiceSnippetInit]' passed (0.001 seconds).
Test Suite 'SnippetManagerTests' failed at 2026-02-13 12:00:07.945.
	 Executed 8 tests, with 1 failure (0 unexpected) in 0.010 (0.012) seconds
Test Suite 'VADConfigTests' started at 2026-02-13 12:00:07.946.
Test Case '-[YapYapTests.VADConfigTests testDefaultConfig]' started.
Test Case '-[YapYapTests.VADConfigTests testDefaultConfig]' passed (0.001 seconds).
Test Case '-[YapYapTests.VADConfigTests testNoisyHasHigherThresholdThanQuiet]' started.
Test Case '-[YapYapTests.VADConfigTests testNoisyHasHigherThresholdThanQuiet]' passed (0.001 seconds).
Test Case '-[YapYapTests.VADConfigTests testNoisyPreset]' started.
Test Case '-[YapYapTests.VADConfigTests testNoisyPreset]' passed (0.001 seconds).
Test Case '-[YapYapTests.VADConfigTests testQuietPreset]' started.
Test Case '-[YapYapTests.VADConfigTests testQuietPreset]' passed (0.001 seconds).
Test Suite 'VADConfigTests' passed at 2026-02-13 12:00:07.952.
	 Executed 4 tests, with 0 failures (0 unexpected) in 0.002 (0.007) seconds
Test Suite 'YapYapErrorTests' started at 2026-02-13 12:00:07.952.
Test Case '-[YapYapTests.YapYapErrorTests testAccessibilityPermissionDescription]' started.
Test Case '-[YapYapTests.YapYapErrorTests testAccessibilityPermissionDescription]' passed (0.001 seconds).
Test Case '-[YapYapTests.YapYapErrorTests testAllErrorsHaveDescriptions]' started.
Test Case '-[YapYapTests.YapYapErrorTests testAllErrorsHaveDescriptions]' passed (0.004 seconds).
Test Case '-[YapYapTests.YapYapErrorTests testMicrophonePermissionDescription]' started.
Test Case '-[YapYapTests.YapYapErrorTests testMicrophonePermissionDescription]' passed (0.001 seconds).
Test Case '-[YapYapTests.YapYapErrorTests testModelDownloadFailedDescription]' started.
Test Case '-[YapYapTests.YapYapErrorTests testModelDownloadFailedDescription]' passed (0.000 seconds).
Test Case '-[YapYapTests.YapYapErrorTests testModelNotLoadedDescription]' started.
Test Case '-[YapYapTests.YapYapErrorTests testModelNotLoadedDescription]' passed (0.001 seconds).
Test Case '-[YapYapTests.YapYapErrorTests testNoAudioRecordedDescription]' started.
Test Case '-[YapYapTests.YapYapErrorTests testNoAudioRecordedDescription]' passed (0.001 seconds).
Test Case '-[YapYapTests.YapYapErrorTests testRecordingTimeoutDescription]' started.
Test Case '-[YapYapTests.YapYapErrorTests testRecordingTimeoutDescription]' passed (0.000 seconds).
Test Suite 'YapYapErrorTests' passed at 2026-02-13 12:00:07.962.
	 Executed 7 tests, with 0 failures (0 unexpected) in 0.008 (0.009) seconds
Test Suite 'YapYapTests.xctest' failed at 2026-02-13 12:00:07.966.
	 Executed 147 tests, with 5 failures (0 unexpected) in 0.247 (0.391) seconds
Test Suite 'All tests' failed at 2026-02-13 12:00:07.967.
	 Executed 147 tests, with 5 failures (0 unexpected) in 0.247 (0.392) seconds
2026-02-13 12:00:17.138 xcodebuild[47619:666973] [MT] IDETestOperationsObserverDebug: 15.538 elapsed -- Testing started completed.
2026-02-13 12:00:17.138 xcodebuild[47619:666973] [MT] IDETestOperationsObserverDebug: 0.000 sec, +0.000 sec -- start
2026-02-13 12:00:17.138 xcodebuild[47619:666973] [MT] IDETestOperationsObserverDebug: 15.538 sec, +15.538 sec -- end

Test session results, code coverage, and logs:
	/Users/sandeep/Library/Developer/Xcode/DerivedData/YapYap-fgocbvsmqtadmncqpdsycxzkwxrc/Logs/Test/Test-YapYap-2026.02.13_11-59-52--0600.xcresult

** TEST FAILED **

Testing started
